  Building Custom Rule C:/Users/KwonDongHyung/darknet-master/CMakeLists.txt
  Compiling CUDA source file src\activation_kernels.cu...
  
  C:\Users\KwonDongHyung\darknet-master>"C:\Program Files\NVIDIA GPU Computing Toolkit\CUDA\v10.2\bin\nvcc.exe" -gencode=arch=compute_30,code=\"sm_30,compute_30\" -gencode=arch=compute_35,code=\"sm_35,compute_35\" -gencode=arch=compute_50,code=\"sm_50,compute_50\" -gencode=arch=compute_52,code=\"sm_52,compute_52\" -gencode=arch=compute_60,code=\"sm_60,compute_60\" -gencode=arch=compute_61,code=\"sm_61,compute_61\" -gencode=arch=compute_70,code=\"sm_70,compute_70\" -gencode=arch=compute_75,code=\"sm_75,compute_75\" -gencode=arch=compute_70,code=\"compute_70,compute_70\" -gencode=arch=compute_75,code=\"compute_75,compute_75\" --use-local-env -ccbin "C:\Program Files (x86)\Microsoft Visual Studio\2019\Community\VC\Tools\MSVC\14.25.28610\bin\HostX64\x64" -x cu  -I"C:\Users\KwonDongHyung\darknet-master\include" -I"C:\Users\KwonDongHyung\darknet-master\src" -I"C:\Users\KwonDongHyung\darknet-master\3rdparty\stb\include" -I"C:\Program Files\NVIDIA GPU Computing Toolkit\CUDA\v10.2\include" -IC:\Users\KwonDongHyung\opencv\build\include -I"C:\Users\KwonDongHyung\darknet-master\3rdparty\pthreads\include" -I"C:\Program Files\NVIDIA GPU Computing Toolkit\CUDA\v10.2\include"     --keep-dir x64\Debug -maxrregcount=0  --machine 64 --compile -cudart static -Wno-deprecated-declarations -Xcompiler="/wd4013,/wd4018,/wd4028,/wd4047,/wd4068,/wd4090,/wd4101,/wd4113,/wd4133,/wd4190,/wd4244,/wd4267,/wd4305,/wd4477,/wd4996,/wd4819,/fp:fast,/DGPU,/DCUDNN,/DOPENCV /EHsc -Zi -Ob0" -g   -D_WINDOWS -DUSE_CMAKE_LIBS -DCUDNN -DCUDNN_HALF -DOPENCV -D_CRT_RAND_S -DNOMINMAX -D_USE_MATH_DEFINES -DGPU -D_TIMESPEC_DEFINED -D"CMAKE_INTDIR=\"Debug\"" -DWIN32 -D_WINDOWS -DUSE_CMAKE_LIBS -DCUDNN -DCUDNN_HALF -DOPENCV -D_CRT_RAND_S -DNOMINMAX -D_USE_MATH_DEFINES -DGPU -D_TIMESPEC_DEFINED -D"CMAKE_INTDIR=\"Debug\"" -D_MBCS -Xcompiler "/EHsc /W3 /nologo /Od /Fddarknet.dir\Debug\vc142.pdb /FS /Zi /RTC1 /MDd /GR" -o darknet.dir\Debug\activation_kernels.obj "C:\Users\KwonDongHyung\darknet-master\src\activation_kernels.cu" 
  Compiling CUDA source file src\avgpool_layer_kernels.cu...
  Compiling CUDA source file src\blas_kernels.cu...
  
  
  C:\Users\KwonDongHyung\darknet-master>"C:\Program Files\NVIDIA GPU Computing Toolkit\CUDA\v10.2\bin\nvcc.exe" -gencode=arch=compute_30,code=\"sm_30,compute_30\" -gencode=arch=compute_35,code=\"sm_35,compute_35\" -gencode=arch=compute_50,code=\"sm_50,compute_50\" -gencode=arch=compute_52,code=\"sm_52,compute_52\" -gencode=arch=compute_60,code=\"sm_60,compute_60\" -gencode=arch=compute_61,code=\"sm_61,compute_61\" -gencode=arch=compute_70,code=\"sm_70,compute_70\" -gencode=arch=compute_75,code=\"sm_75,compute_75\" -gencode=arch=compute_70,code=\"compute_70,compute_70\" -gencode=arch=compute_75,code=\"compute_75,compute_75\" --use-local-env -ccbin "C:\Program Files (x86)\Microsoft Visual Studio\2019\Community\VC\Tools\MSVC\14.25.28610\bin\HostX64\x64" -x cu  -I"C:\Users\KwonDongHyung\darknet-master\include" -I"C:\Users\KwonDongHyung\darknet-master\src" -I"C:\Users\KwonDongHyung\darknet-master\3rdparty\stb\include" -I"C:\Program Files\NVIDIA GPU Computing Toolkit\CUDA\v10.2\include" -IC:\Users\KwonDongHyung\opencv\build\include -I"C:\Users\KwonDongHyung\darknet-master\3rdparty\pthreads\include" -I"C:\Program Files\NVIDIA GPU Computing Toolkit\CUDA\v10.2\include"     --keep-dir x64\Debug -maxrregcount=0  --machine 64 --compile -cudart static -Wno-deprecated-declarations -Xcompiler="/wd4013,/wd4018,/wd4028,/wd4047,/wd4068,/wd4090,/wd4101,/wd4113,/wd4133,/wd4190,/wd4244,/wd4267,/wd4305,/wd4477,/wd4996,/wd4819,/fp:fast,/DGPU,/DCUDNN,/DOPENCV /EHsc -Zi -Ob0" -g   -D_WINDOWS -DUSE_CMAKE_LIBS -DCUDNN -DCUDNN_HALF -DOPENCV -D_CRT_RAND_S -DNOMINMAX -D_USE_MATH_DEFINES -DGPU -D_TIMESPEC_DEFINED -D"CMAKE_INTDIR=\"Debug\"" -DWIN32 -D_WINDOWS -DUSE_CMAKE_LIBS -DCUDNN -DCUDNN_HALF -DOPENCV -D_CRT_RAND_S -DNOMINMAX -D_USE_MATH_DEFINES -DGPU -D_TIMESPEC_DEFINED -D"CMAKE_INTDIR=\"Debug\"" -D_MBCS -Xcompiler "/EHsc /W3 /nologo /Od /Fddarknet.dir\Debug\vc142.pdb /FS /Zi /RTC1 /MDd /GR" -o darknet.dir\Debug\avgpool_layer_kernels.obj "C:\Users\KwonDongHyung\darknet-master\src\avgpool_layer_kernels.cu" 
  C:\Users\KwonDongHyung\darknet-master>"C:\Program Files\NVIDIA GPU Computing Toolkit\CUDA\v10.2\bin\nvcc.exe" -gencode=arch=compute_30,code=\"sm_30,compute_30\" -gencode=arch=compute_35,code=\"sm_35,compute_35\" -gencode=arch=compute_50,code=\"sm_50,compute_50\" -gencode=arch=compute_52,code=\"sm_52,compute_52\" -gencode=arch=compute_60,code=\"sm_60,compute_60\" -gencode=arch=compute_61,code=\"sm_61,compute_61\" -gencode=arch=compute_70,code=\"sm_70,compute_70\" -gencode=arch=compute_75,code=\"sm_75,compute_75\" -gencode=arch=compute_70,code=\"compute_70,compute_70\" -gencode=arch=compute_75,code=\"compute_75,compute_75\" --use-local-env -ccbin "C:\Program Files (x86)\Microsoft Visual Studio\2019\Community\VC\Tools\MSVC\14.25.28610\bin\HostX64\x64" -x cu  -I"C:\Users\KwonDongHyung\darknet-master\include" -I"C:\Users\KwonDongHyung\darknet-master\src" -I"C:\Users\KwonDongHyung\darknet-master\3rdparty\stb\include" -I"C:\Program Files\NVIDIA GPU Computing Toolkit\CUDA\v10.2\include" -IC:\Users\KwonDongHyung\opencv\build\include -I"C:\Users\KwonDongHyung\darknet-master\3rdparty\pthreads\include" -I"C:\Program Files\NVIDIA GPU Computing Toolkit\CUDA\v10.2\include"     --keep-dir x64\Debug -maxrregcount=0  --machine 64 --compile -cudart static -Wno-deprecated-declarations -Xcompiler="/wd4013,/wd4018,/wd4028,/wd4047,/wd4068,/wd4090,/wd4101,/wd4113,/wd4133,/wd4190,/wd4244,/wd4267,/wd4305,/wd4477,/wd4996,/wd4819,/fp:fast,/DGPU,/DCUDNN,/DOPENCV /EHsc -Zi -Ob0" -g   -D_WINDOWS -DUSE_CMAKE_LIBS -DCUDNN -DCUDNN_HALF -DOPENCV -D_CRT_RAND_S -DNOMINMAX -D_USE_MATH_DEFINES -DGPU -D_TIMESPEC_DEFINED -D"CMAKE_INTDIR=\"Debug\"" -DWIN32 -D_WINDOWS -DUSE_CMAKE_LIBS -DCUDNN -DCUDNN_HALF -DOPENCV -D_CRT_RAND_S -DNOMINMAX -D_USE_MATH_DEFINES -DGPU -D_TIMESPEC_DEFINED -D"CMAKE_INTDIR=\"Debug\"" -D_MBCS -Xcompiler "/EHsc /W3 /nologo /Od /Fddarknet.dir\Debug\vc142.pdb /FS /Zi /RTC1 /MDd /GR" -o darknet.dir\Debug\blas_kernels.obj "C:\Users\KwonDongHyung\darknet-master\src\blas_kernels.cu" 
  Compiling CUDA source file src\col2im_kernels.cu...
  
  C:\Users\KwonDongHyung\darknet-master>"C:\Program Files\NVIDIA GPU Computing Toolkit\CUDA\v10.2\bin\nvcc.exe" -gencode=arch=compute_30,code=\"sm_30,compute_30\" -gencode=arch=compute_35,code=\"sm_35,compute_35\" -gencode=arch=compute_50,code=\"sm_50,compute_50\" -gencode=arch=compute_52,code=\"sm_52,compute_52\" -gencode=arch=compute_60,code=\"sm_60,compute_60\" -gencode=arch=compute_61,code=\"sm_61,compute_61\" -gencode=arch=compute_70,code=\"sm_70,compute_70\" -gencode=arch=compute_75,code=\"sm_75,compute_75\" -gencode=arch=compute_70,code=\"compute_70,compute_70\" -gencode=arch=compute_75,code=\"compute_75,compute_75\" --use-local-env -ccbin "C:\Program Files (x86)\Microsoft Visual Studio\2019\Community\VC\Tools\MSVC\14.25.28610\bin\HostX64\x64" -x cu  -I"C:\Users\KwonDongHyung\darknet-master\include" -I"C:\Users\KwonDongHyung\darknet-master\src" -I"C:\Users\KwonDongHyung\darknet-master\3rdparty\stb\include" -I"C:\Program Files\NVIDIA GPU Computing Toolkit\CUDA\v10.2\include" -IC:\Users\KwonDongHyung\opencv\build\include -I"C:\Users\KwonDongHyung\darknet-master\3rdparty\pthreads\include" -I"C:\Program Files\NVIDIA GPU Computing Toolkit\CUDA\v10.2\include"     --keep-dir x64\Debug -maxrregcount=0  --machine 64 --compile -cudart static -Wno-deprecated-declarations -Xcompiler="/wd4013,/wd4018,/wd4028,/wd4047,/wd4068,/wd4090,/wd4101,/wd4113,/wd4133,/wd4190,/wd4244,/wd4267,/wd4305,/wd4477,/wd4996,/wd4819,/fp:fast,/DGPU,/DCUDNN,/DOPENCV /EHsc -Zi -Ob0" -g   -D_WINDOWS -DUSE_CMAKE_LIBS -DCUDNN -DCUDNN_HALF -DOPENCV -D_CRT_RAND_S -DNOMINMAX -D_USE_MATH_DEFINES -DGPU -D_TIMESPEC_DEFINED -D"CMAKE_INTDIR=\"Debug\"" -DWIN32 -D_WINDOWS -DUSE_CMAKE_LIBS -DCUDNN -DCUDNN_HALF -DOPENCV -D_CRT_RAND_S -DNOMINMAX -D_USE_MATH_DEFINES -DGPU -D_TIMESPEC_DEFINED -D"CMAKE_INTDIR=\"Debug\"" -D_MBCS -Xcompiler "/EHsc /W3 /nologo /Od /Fddarknet.dir\Debug\vc142.pdb /FS /Zi /RTC1 /MDd /GR" -o darknet.dir\Debug\col2im_kernels.obj "C:\Users\KwonDongHyung\darknet-master\src\col2im_kernels.cu" 
  Compiling CUDA source file src\convolutional_kernels.cu...
C:/Users/KwonDongHyung/darknet-master/src/blas_kernels.cu(1038): warning : variable "out_index" was declared but never referenced
  
C:/Users/KwonDongHyung/darknet-master/src/blas_kernels.cu(1082): warning : variable "step" was set but never used
  
C:/Users/KwonDongHyung/darknet-master/src/blas_kernels.cu(1686): warning : variable "stage_id" was declared but never referenced
  
  Compiling CUDA source file src\crop_layer_kernels.cu...
  
  C:\Users\KwonDongHyung\darknet-master>"C:\Program Files\NVIDIA GPU Computing Toolkit\CUDA\v10.2\bin\nvcc.exe" -gencode=arch=compute_30,code=\"sm_30,compute_30\" -gencode=arch=compute_35,code=\"sm_35,compute_35\" -gencode=arch=compute_50,code=\"sm_50,compute_50\" -gencode=arch=compute_52,code=\"sm_52,compute_52\" -gencode=arch=compute_60,code=\"sm_60,compute_60\" -gencode=arch=compute_61,code=\"sm_61,compute_61\" -gencode=arch=compute_70,code=\"sm_70,compute_70\" -gencode=arch=compute_75,code=\"sm_75,compute_75\" -gencode=arch=compute_70,code=\"compute_70,compute_70\" -gencode=arch=compute_75,code=\"compute_75,compute_75\" --use-local-env -ccbin "C:\Program Files (x86)\Microsoft Visual Studio\2019\Community\VC\Tools\MSVC\14.25.28610\bin\HostX64\x64" -x cu  -I"C:\Users\KwonDongHyung\darknet-master\include" -I"C:\Users\KwonDongHyung\darknet-master\src" -I"C:\Users\KwonDongHyung\darknet-master\3rdparty\stb\include" -I"C:\Program Files\NVIDIA GPU Computing Toolkit\CUDA\v10.2\include" -IC:\Users\KwonDongHyung\opencv\build\include -I"C:\Users\KwonDongHyung\darknet-master\3rdparty\pthreads\include" -I"C:\Program Files\NVIDIA GPU Computing Toolkit\CUDA\v10.2\include"     --keep-dir x64\Debug -maxrregcount=0  --machine 64 --compile -cudart static -Wno-deprecated-declarations -Xcompiler="/wd4013,/wd4018,/wd4028,/wd4047,/wd4068,/wd4090,/wd4101,/wd4113,/wd4133,/wd4190,/wd4244,/wd4267,/wd4305,/wd4477,/wd4996,/wd4819,/fp:fast,/DGPU,/DCUDNN,/DOPENCV /EHsc -Zi -Ob0" -g   -D_WINDOWS -DUSE_CMAKE_LIBS -DCUDNN -DCUDNN_HALF -DOPENCV -D_CRT_RAND_S -DNOMINMAX -D_USE_MATH_DEFINES -DGPU -D_TIMESPEC_DEFINED -D"CMAKE_INTDIR=\"Debug\"" -DWIN32 -D_WINDOWS -DUSE_CMAKE_LIBS -DCUDNN -DCUDNN_HALF -DOPENCV -D_CRT_RAND_S -DNOMINMAX -D_USE_MATH_DEFINES -DGPU -D_TIMESPEC_DEFINED -D"CMAKE_INTDIR=\"Debug\"" -D_MBCS -Xcompiler "/EHsc /W3 /nologo /Od /Fddarknet.dir\Debug\vc142.pdb /FS /Zi /RTC1 /MDd /GR" -o darknet.dir\Debug\convolutional_kernels.obj "C:\Users\KwonDongHyung\darknet-master\src\convolutional_kernels.cu" 
  
  C:\Users\KwonDongHyung\darknet-master>"C:\Program Files\NVIDIA GPU Computing Toolkit\CUDA\v10.2\bin\nvcc.exe" -gencode=arch=compute_30,code=\"sm_30,compute_30\" -gencode=arch=compute_35,code=\"sm_35,compute_35\" -gencode=arch=compute_50,code=\"sm_50,compute_50\" -gencode=arch=compute_52,code=\"sm_52,compute_52\" -gencode=arch=compute_60,code=\"sm_60,compute_60\" -gencode=arch=compute_61,code=\"sm_61,compute_61\" -gencode=arch=compute_70,code=\"sm_70,compute_70\" -gencode=arch=compute_75,code=\"sm_75,compute_75\" -gencode=arch=compute_70,code=\"compute_70,compute_70\" -gencode=arch=compute_75,code=\"compute_75,compute_75\" --use-local-env -ccbin "C:\Program Files (x86)\Microsoft Visual Studio\2019\Community\VC\Tools\MSVC\14.25.28610\bin\HostX64\x64" -x cu  -I"C:\Users\KwonDongHyung\darknet-master\include" -I"C:\Users\KwonDongHyung\darknet-master\src" -I"C:\Users\KwonDongHyung\darknet-master\3rdparty\stb\include" -I"C:\Program Files\NVIDIA GPU Computing Toolkit\CUDA\v10.2\include" -IC:\Users\KwonDongHyung\opencv\build\include -I"C:\Users\KwonDongHyung\darknet-master\3rdparty\pthreads\include" -I"C:\Program Files\NVIDIA GPU Computing Toolkit\CUDA\v10.2\include"     --keep-dir x64\Debug -maxrregcount=0  --machine 64 --compile -cudart static -Wno-deprecated-declarations -Xcompiler="/wd4013,/wd4018,/wd4028,/wd4047,/wd4068,/wd4090,/wd4101,/wd4113,/wd4133,/wd4190,/wd4244,/wd4267,/wd4305,/wd4477,/wd4996,/wd4819,/fp:fast,/DGPU,/DCUDNN,/DOPENCV /EHsc -Zi -Ob0" -g   -D_WINDOWS -DUSE_CMAKE_LIBS -DCUDNN -DCUDNN_HALF -DOPENCV -D_CRT_RAND_S -DNOMINMAX -D_USE_MATH_DEFINES -DGPU -D_TIMESPEC_DEFINED -D"CMAKE_INTDIR=\"Debug\"" -DWIN32 -D_WINDOWS -DUSE_CMAKE_LIBS -DCUDNN -DCUDNN_HALF -DOPENCV -D_CRT_RAND_S -DNOMINMAX -D_USE_MATH_DEFINES -DGPU -D_TIMESPEC_DEFINED -D"CMAKE_INTDIR=\"Debug\"" -D_MBCS -Xcompiler "/EHsc /W3 /nologo /Od /Fddarknet.dir\Debug\vc142.pdb /FS /Zi /RTC1 /MDd /GR" -o darknet.dir\Debug\crop_layer_kernels.obj "C:\Users\KwonDongHyung\darknet-master\src\crop_layer_kernels.cu" 
  activation_kernels.cu
  Compiling CUDA source file src\deconvolutional_kernels.cu...
  
  C:\Users\KwonDongHyung\darknet-master>"C:\Program Files\NVIDIA GPU Computing Toolkit\CUDA\v10.2\bin\nvcc.exe" -gencode=arch=compute_30,code=\"sm_30,compute_30\" -gencode=arch=compute_35,code=\"sm_35,compute_35\" -gencode=arch=compute_50,code=\"sm_50,compute_50\" -gencode=arch=compute_52,code=\"sm_52,compute_52\" -gencode=arch=compute_60,code=\"sm_60,compute_60\" -gencode=arch=compute_61,code=\"sm_61,compute_61\" -gencode=arch=compute_70,code=\"sm_70,compute_70\" -gencode=arch=compute_75,code=\"sm_75,compute_75\" -gencode=arch=compute_70,code=\"compute_70,compute_70\" -gencode=arch=compute_75,code=\"compute_75,compute_75\" --use-local-env -ccbin "C:\Program Files (x86)\Microsoft Visual Studio\2019\Community\VC\Tools\MSVC\14.25.28610\bin\HostX64\x64" -x cu  -I"C:\Users\KwonDongHyung\darknet-master\include" -I"C:\Users\KwonDongHyung\darknet-master\src" -I"C:\Users\KwonDongHyung\darknet-master\3rdparty\stb\include" -I"C:\Program Files\NVIDIA GPU Computing Toolkit\CUDA\v10.2\include" -IC:\Users\KwonDongHyung\opencv\build\include -I"C:\Users\KwonDongHyung\darknet-master\3rdparty\pthreads\include" -I"C:\Program Files\NVIDIA GPU Computing Toolkit\CUDA\v10.2\include"     --keep-dir x64\Debug -maxrregcount=0  --machine 64 --compile -cudart static -Wno-deprecated-declarations -Xcompiler="/wd4013,/wd4018,/wd4028,/wd4047,/wd4068,/wd4090,/wd4101,/wd4113,/wd4133,/wd4190,/wd4244,/wd4267,/wd4305,/wd4477,/wd4996,/wd4819,/fp:fast,/DGPU,/DCUDNN,/DOPENCV /EHsc -Zi -Ob0" -g   -D_WINDOWS -DUSE_CMAKE_LIBS -DCUDNN -DCUDNN_HALF -DOPENCV -D_CRT_RAND_S -DNOMINMAX -D_USE_MATH_DEFINES -DGPU -D_TIMESPEC_DEFINED -D"CMAKE_INTDIR=\"Debug\"" -DWIN32 -D_WINDOWS -DUSE_CMAKE_LIBS -DCUDNN -DCUDNN_HALF -DOPENCV -D_CRT_RAND_S -DNOMINMAX -D_USE_MATH_DEFINES -DGPU -D_TIMESPEC_DEFINED -D"CMAKE_INTDIR=\"Debug\"" -D_MBCS -Xcompiler "/EHsc /W3 /nologo /Od /Fddarknet.dir\Debug\vc142.pdb /FS /Zi /RTC1 /MDd /GR" -o darknet.dir\Debug\deconvolutional_kernels.obj "C:\Users\KwonDongHyung\darknet-master\src\deconvolutional_kernels.cu" 
C:/Users/KwonDongHyung/darknet-master/src/blas_kernels.cu(1038): warning : variable "out_index" was declared but never referenced
  
C:/Users/KwonDongHyung/darknet-master/src/blas_kernels.cu(1082): warning : variable "step" was set but never used
  
C:/Users/KwonDongHyung/darknet-master/src/blas_kernels.cu(1686): warning : variable "stage_id" was declared but never referenced
  
  Compiling CUDA source file src\dropout_layer_kernels.cu...
  
  C:\Users\KwonDongHyung\darknet-master>"C:\Program Files\NVIDIA GPU Computing Toolkit\CUDA\v10.2\bin\nvcc.exe" -gencode=arch=compute_30,code=\"sm_30,compute_30\" -gencode=arch=compute_35,code=\"sm_35,compute_35\" -gencode=arch=compute_50,code=\"sm_50,compute_50\" -gencode=arch=compute_52,code=\"sm_52,compute_52\" -gencode=arch=compute_60,code=\"sm_60,compute_60\" -gencode=arch=compute_61,code=\"sm_61,compute_61\" -gencode=arch=compute_70,code=\"sm_70,compute_70\" -gencode=arch=compute_75,code=\"sm_75,compute_75\" -gencode=arch=compute_70,code=\"compute_70,compute_70\" -gencode=arch=compute_75,code=\"compute_75,compute_75\" --use-local-env -ccbin "C:\Program Files (x86)\Microsoft Visual Studio\2019\Community\VC\Tools\MSVC\14.25.28610\bin\HostX64\x64" -x cu  -I"C:\Users\KwonDongHyung\darknet-master\include" -I"C:\Users\KwonDongHyung\darknet-master\src" -I"C:\Users\KwonDongHyung\darknet-master\3rdparty\stb\include" -I"C:\Program Files\NVIDIA GPU Computing Toolkit\CUDA\v10.2\include" -IC:\Users\KwonDongHyung\opencv\build\include -I"C:\Users\KwonDongHyung\darknet-master\3rdparty\pthreads\include" -I"C:\Program Files\NVIDIA GPU Computing Toolkit\CUDA\v10.2\include"     --keep-dir x64\Debug -maxrregcount=0  --machine 64 --compile -cudart static -Wno-deprecated-declarations -Xcompiler="/wd4013,/wd4018,/wd4028,/wd4047,/wd4068,/wd4090,/wd4101,/wd4113,/wd4133,/wd4190,/wd4244,/wd4267,/wd4305,/wd4477,/wd4996,/wd4819,/fp:fast,/DGPU,/DCUDNN,/DOPENCV /EHsc -Zi -Ob0" -g   -D_WINDOWS -DUSE_CMAKE_LIBS -DCUDNN -DCUDNN_HALF -DOPENCV -D_CRT_RAND_S -DNOMINMAX -D_USE_MATH_DEFINES -DGPU -D_TIMESPEC_DEFINED -D"CMAKE_INTDIR=\"Debug\"" -DWIN32 -D_WINDOWS -DUSE_CMAKE_LIBS -DCUDNN -DCUDNN_HALF -DOPENCV -D_CRT_RAND_S -DNOMINMAX -D_USE_MATH_DEFINES -DGPU -D_TIMESPEC_DEFINED -D"CMAKE_INTDIR=\"Debug\"" -D_MBCS -Xcompiler "/EHsc /W3 /nologo /Od /Fddarknet.dir\Debug\vc142.pdb /FS /Zi /RTC1 /MDd /GR" -o darknet.dir\Debug\dropout_layer_kernels.obj "C:\Users\KwonDongHyung\darknet-master\src\dropout_layer_kernels.cu" 
C:/Users/KwonDongHyung/darknet-master/src/dropout_layer_kernels.cu(140): warning : variable "cur_scale" was declared but never referenced
  
C:/Users/KwonDongHyung/darknet-master/src/dropout_layer_kernels.cu(245): warning : variable "cur_scale" was declared but never referenced
  
C:/Users/KwonDongHyung/darknet-master/src/dropout_layer_kernels.cu(262): warning : variable "block_prob" was declared but never referenced
  
C:/Users/KwonDongHyung/darknet-master/src/dropout_layer_kernels.cu(140): warning : variable "cur_scale" was declared but never referenced
  
C:/Users/KwonDongHyung/darknet-master/src/dropout_layer_kernels.cu(245): warning : variable "cur_scale" was declared but never referenced
  
C:/Users/KwonDongHyung/darknet-master/src/dropout_layer_kernels.cu(262): warning : variable "block_prob" was declared but never referenced
  
C:/Users/KwonDongHyung/darknet-master/src/blas_kernels.cu(1038): warning : variable "out_index" was declared but never referenced
  
C:/Users/KwonDongHyung/darknet-master/src/blas_kernels.cu(1082): warning : variable "step" was set but never used
  
C:/Users/KwonDongHyung/darknet-master/src/blas_kernels.cu(1686): warning : variable "stage_id" was declared but never referenced
  
C:/Users/KwonDongHyung/darknet-master/src/dropout_layer_kernels.cu(140): warning : variable "cur_scale" was declared but never referenced
  
C:/Users/KwonDongHyung/darknet-master/src/dropout_layer_kernels.cu(245): warning : variable "cur_scale" was declared but never referenced
  
C:/Users/KwonDongHyung/darknet-master/src/dropout_layer_kernels.cu(262): warning : variable "block_prob" was declared but never referenced
  
C:/Users/KwonDongHyung/darknet-master/src/dropout_layer_kernels.cu(140): warning : variable "cur_scale" was declared but never referenced
  
C:/Users/KwonDongHyung/darknet-master/src/dropout_layer_kernels.cu(245): warning : variable "cur_scale" was declared but never referenced
  
C:/Users/KwonDongHyung/darknet-master/src/dropout_layer_kernels.cu(262): warning : variable "block_prob" was declared but never referenced
  
C:/Users/KwonDongHyung/darknet-master/src/dropout_layer_kernels.cu(140): warning : variable "cur_scale" was declared but never referenced
  
C:/Users/KwonDongHyung/darknet-master/src/dropout_layer_kernels.cu(245): warning : variable "cur_scale" was declared but never referenced
  
C:/Users/KwonDongHyung/darknet-master/src/dropout_layer_kernels.cu(262): warning : variable "block_prob" was declared but never referenced
  
  avgpool_layer_kernels.cu
C:/Users/KwonDongHyung/darknet-master/src/blas_kernels.cu(1038): warning : variable "out_index" was declared but never referenced
  
C:/Users/KwonDongHyung/darknet-master/src/blas_kernels.cu(1082): warning : variable "step" was set but never used
  
C:/Users/KwonDongHyung/darknet-master/src/blas_kernels.cu(1686): warning : variable "stage_id" was declared but never referenced
  
  Compiling CUDA source file src\im2col_kernels.cu...
C:/Users/KwonDongHyung/darknet-master/src/dropout_layer_kernels.cu(140): warning : variable "cur_scale" was declared but never referenced
  
C:/Users/KwonDongHyung/darknet-master/src/dropout_layer_kernels.cu(245): warning : variable "cur_scale" was declared but never referenced
  
C:/Users/KwonDongHyung/darknet-master/src/dropout_layer_kernels.cu(262): warning : variable "block_prob" was declared but never referenced
  
  
  C:\Users\KwonDongHyung\darknet-master>"C:\Program Files\NVIDIA GPU Computing Toolkit\CUDA\v10.2\bin\nvcc.exe" -gencode=arch=compute_30,code=\"sm_30,compute_30\" -gencode=arch=compute_35,code=\"sm_35,compute_35\" -gencode=arch=compute_50,code=\"sm_50,compute_50\" -gencode=arch=compute_52,code=\"sm_52,compute_52\" -gencode=arch=compute_60,code=\"sm_60,compute_60\" -gencode=arch=compute_61,code=\"sm_61,compute_61\" -gencode=arch=compute_70,code=\"sm_70,compute_70\" -gencode=arch=compute_75,code=\"sm_75,compute_75\" -gencode=arch=compute_70,code=\"compute_70,compute_70\" -gencode=arch=compute_75,code=\"compute_75,compute_75\" --use-local-env -ccbin "C:\Program Files (x86)\Microsoft Visual Studio\2019\Community\VC\Tools\MSVC\14.25.28610\bin\HostX64\x64" -x cu  -I"C:\Users\KwonDongHyung\darknet-master\include" -I"C:\Users\KwonDongHyung\darknet-master\src" -I"C:\Users\KwonDongHyung\darknet-master\3rdparty\stb\include" -I"C:\Program Files\NVIDIA GPU Computing Toolkit\CUDA\v10.2\include" -IC:\Users\KwonDongHyung\opencv\build\include -I"C:\Users\KwonDongHyung\darknet-master\3rdparty\pthreads\include" -I"C:\Program Files\NVIDIA GPU Computing Toolkit\CUDA\v10.2\include"     --keep-dir x64\Debug -maxrregcount=0  --machine 64 --compile -cudart static -Wno-deprecated-declarations -Xcompiler="/wd4013,/wd4018,/wd4028,/wd4047,/wd4068,/wd4090,/wd4101,/wd4113,/wd4133,/wd4190,/wd4244,/wd4267,/wd4305,/wd4477,/wd4996,/wd4819,/fp:fast,/DGPU,/DCUDNN,/DOPENCV /EHsc -Zi -Ob0" -g   -D_WINDOWS -DUSE_CMAKE_LIBS -DCUDNN -DCUDNN_HALF -DOPENCV -D_CRT_RAND_S -DNOMINMAX -D_USE_MATH_DEFINES -DGPU -D_TIMESPEC_DEFINED -D"CMAKE_INTDIR=\"Debug\"" -DWIN32 -D_WINDOWS -DUSE_CMAKE_LIBS -DCUDNN -DCUDNN_HALF -DOPENCV -D_CRT_RAND_S -DNOMINMAX -D_USE_MATH_DEFINES -DGPU -D_TIMESPEC_DEFINED -D"CMAKE_INTDIR=\"Debug\"" -D_MBCS -Xcompiler "/EHsc /W3 /nologo /Od /Fddarknet.dir\Debug\vc142.pdb /FS /Zi /RTC1 /MDd /GR" -o darknet.dir\Debug\im2col_kernels.obj "C:\Users\KwonDongHyung\darknet-master\src\im2col_kernels.cu" 
  col2im_kernels.cu
  Compiling CUDA source file src\maxpool_layer_kernels.cu...
C:/Users/KwonDongHyung/darknet-master/src/dropout_layer_kernels.cu(140): warning : variable "cur_scale" was declared but never referenced
  
C:/Users/KwonDongHyung/darknet-master/src/dropout_layer_kernels.cu(245): warning : variable "cur_scale" was declared but never referenced
  
  
C:/Users/KwonDongHyung/darknet-master/src/dropout_layer_kernels.cu(262): warning : variable "block_prob" was declared but never referenced
  C:\Users\KwonDongHyung\darknet-master>"C:\Program Files\NVIDIA GPU Computing Toolkit\CUDA\v10.2\bin\nvcc.exe" -gencode=arch=compute_30,code=\"sm_30,compute_30\" -gencode=arch=compute_35,code=\"sm_35,compute_35\" -gencode=arch=compute_50,code=\"sm_50,compute_50\" -gencode=arch=compute_52,code=\"sm_52,compute_52\" -gencode=arch=compute_60,code=\"sm_60,compute_60\" -gencode=arch=compute_61,code=\"sm_61,compute_61\" -gencode=arch=compute_70,code=\"sm_70,compute_70\" -gencode=arch=compute_75,code=\"sm_75,compute_75\" -gencode=arch=compute_70,code=\"compute_70,compute_70\" -gencode=arch=compute_75,code=\"compute_75,compute_75\" --use-local-env -ccbin "C:\Program Files (x86)\Microsoft Visual Studio\2019\Community\VC\Tools\MSVC\14.25.28610\bin\HostX64\x64" -x cu  -I"C:\Users\KwonDongHyung\darknet-master\include" -I"C:\Users\KwonDongHyung\darknet-master\src" -I"C:\Users\KwonDongHyung\darknet-master\3rdparty\stb\include" -I"C:\Program Files\NVIDIA GPU Computing Toolkit\CUDA\v10.2\include" -IC:\Users\KwonDongHyung\opencv\build\include -I"C:\Users\KwonDongHyung\darknet-master\3rdparty\pthreads\include" -I"C:\Program Files\NVIDIA GPU Computing Toolkit\CUDA\v10.2\include"     --keep-dir x64\Debug -maxrregcount=0  --machine 64 --compile -cudart static -Wno-deprecated-declarations -Xcompiler="/wd4013,/wd4018,/wd4028,/wd4047,/wd4068,/wd4090,/wd4101,/wd4113,/wd4133,/wd4190,/wd4244,/wd4267,/wd4305,/wd4477,/wd4996,/wd4819,/fp:fast,/DGPU,/DCUDNN,/DOPENCV /EHsc -Zi -Ob0" -g   -D_WINDOWS -DUSE_CMAKE_LIBS -DCUDNN -DCUDNN_HALF -DOPENCV -D_CRT_RAND_S -DNOMINMAX -D_USE_MATH_DEFINES -DGPU -D_TIMESPEC_DEFINED -D"CMAKE_INTDIR=\"Debug\"" -DWIN32 -D_WINDOWS -DUSE_CMAKE_LIBS -DCUDNN -DCUDNN_HALF -DOPENCV -D_CRT_RAND_S -DNOMINMAX -D_USE_MATH_DEFINES -DGPU -D_TIMESPEC_DEFINED -D"CMAKE_INTDIR=\"Debug\"" -D_MBCS -Xcompiler "/EHsc /W3 /nologo /Od /Fddarknet.dir\Debug\vc142.pdb /FS /Zi /RTC1 /MDd /GR" -o darknet.dir\Debug\maxpool_layer_kernels.obj "C:\Users\KwonDongHyung\darknet-master\src\maxpool_layer_kernels.cu" 
  
  crop_layer_kernels.cu
  convolutional_kernels.cu
  Compiling CUDA source file src\network_kernels.cu...
  
  C:\Users\KwonDongHyung\darknet-master>"C:\Program Files\NVIDIA GPU Computing Toolkit\CUDA\v10.2\bin\nvcc.exe" -gencode=arch=compute_30,code=\"sm_30,compute_30\" -gencode=arch=compute_35,code=\"sm_35,compute_35\" -gencode=arch=compute_50,code=\"sm_50,compute_50\" -gencode=arch=compute_52,code=\"sm_52,compute_52\" -gencode=arch=compute_60,code=\"sm_60,compute_60\" -gencode=arch=compute_61,code=\"sm_61,compute_61\" -gencode=arch=compute_70,code=\"sm_70,compute_70\" -gencode=arch=compute_75,code=\"sm_75,compute_75\" -gencode=arch=compute_70,code=\"compute_70,compute_70\" -gencode=arch=compute_75,code=\"compute_75,compute_75\" --use-local-env -ccbin "C:\Program Files (x86)\Microsoft Visual Studio\2019\Community\VC\Tools\MSVC\14.25.28610\bin\HostX64\x64" -x cu  -I"C:\Users\KwonDongHyung\darknet-master\include" -I"C:\Users\KwonDongHyung\darknet-master\src" -I"C:\Users\KwonDongHyung\darknet-master\3rdparty\stb\include" -I"C:\Program Files\NVIDIA GPU Computing Toolkit\CUDA\v10.2\include" -IC:\Users\KwonDongHyung\opencv\build\include -I"C:\Users\KwonDongHyung\darknet-master\3rdparty\pthreads\include" -I"C:\Program Files\NVIDIA GPU Computing Toolkit\CUDA\v10.2\include"     --keep-dir x64\Debug -maxrregcount=0  --machine 64 --compile -cudart static -Wno-deprecated-declarations -Xcompiler="/wd4013,/wd4018,/wd4028,/wd4047,/wd4068,/wd4090,/wd4101,/wd4113,/wd4133,/wd4190,/wd4244,/wd4267,/wd4305,/wd4477,/wd4996,/wd4819,/fp:fast,/DGPU,/DCUDNN,/DOPENCV /EHsc -Zi -Ob0" -g   -D_WINDOWS -DUSE_CMAKE_LIBS -DCUDNN -DCUDNN_HALF -DOPENCV -D_CRT_RAND_S -DNOMINMAX -D_USE_MATH_DEFINES -DGPU -D_TIMESPEC_DEFINED -D"CMAKE_INTDIR=\"Debug\"" -DWIN32 -D_WINDOWS -DUSE_CMAKE_LIBS -DCUDNN -DCUDNN_HALF -DOPENCV -D_CRT_RAND_S -DNOMINMAX -D_USE_MATH_DEFINES -DGPU -D_TIMESPEC_DEFINED -D"CMAKE_INTDIR=\"Debug\"" -D_MBCS -Xcompiler "/EHsc /W3 /nologo /Od /Fddarknet.dir\Debug\vc142.pdb /FS /Zi /RTC1 /MDd /GR" -o darknet.dir\Debug\network_kernels.obj "C:\Users\KwonDongHyung\darknet-master\src\network_kernels.cu" 
C:/Users/KwonDongHyung/darknet-master/src/dropout_layer_kernels.cu(140): warning : variable "cur_scale" was declared but never referenced
  
  deconvolutional_kernels.cu
C:/Users/KwonDongHyung/darknet-master/src/dropout_layer_kernels.cu(245): warning : variable "cur_scale" was declared but never referenced
  
C:/Users/KwonDongHyung/darknet-master/src/dropout_layer_kernels.cu(262): warning : variable "block_prob" was declared but never referenced
  
C:/Users/KwonDongHyung/darknet-master/src/network_kernels.cu(359): warning : variable "l" was declared but never referenced
  
C:/Users/KwonDongHyung/darknet-master/src/network_kernels.cu(368): warning : variable "im" was set but never used
  
C:/Users/KwonDongHyung/darknet-master/src/blas_kernels.cu(1038): warning : variable "out_index" was declared but never referenced
  
C:/Users/KwonDongHyung/darknet-master/src/blas_kernels.cu(1082): warning : variable "step" was set but never used
  
C:/Users/KwonDongHyung/darknet-master/src/blas_kernels.cu(1686): warning : variable "stage_id" was declared but never referenced
  
  dropout_layer_kernels.cu
C:/Users/KwonDongHyung/darknet-master/src/network_kernels.cu(359): warning : variable "l" was declared but never referenced
  
C:/Users/KwonDongHyung/darknet-master/src/network_kernels.cu(368): warning : variable "im" was set but never used
  
C:/Users/KwonDongHyung/darknet-master/src/network_kernels.cu(359): warning : variable "l" was declared but never referenced
  
C:/Users/KwonDongHyung/darknet-master/src/network_kernels.cu(368): warning : variable "im" was set but never used
  
C:/Users/KwonDongHyung/darknet-master/src/network_kernels.cu(359): warning : variable "l" was declared but never referenced
  
C:/Users/KwonDongHyung/darknet-master/src/network_kernels.cu(368): warning : variable "im" was set but never used
  
C:/Users/KwonDongHyung/darknet-master/src/blas_kernels.cu(1038): warning : variable "out_index" was declared but never referenced
  
C:/Users/KwonDongHyung/darknet-master/src/blas_kernels.cu(1082): warning : variable "step" was set but never used
  
C:/Users/KwonDongHyung/darknet-master/src/blas_kernels.cu(1686): warning : variable "stage_id" was declared but never referenced
  
C:/Users/KwonDongHyung/darknet-master/src/network_kernels.cu(359): warning : variable "l" was declared but never referenced
  
C:/Users/KwonDongHyung/darknet-master/src/network_kernels.cu(368): warning : variable "im" was set but never used
  
C:/Users/KwonDongHyung/darknet-master/src/network_kernels.cu(359): warning : variable "l" was declared but never referenced
  
C:/Users/KwonDongHyung/darknet-master/src/network_kernels.cu(368): warning : variable "im" was set but never used
  
C:/Users/KwonDongHyung/darknet-master/src/network_kernels.cu(359): warning : variable "l" was declared but never referenced
  
C:/Users/KwonDongHyung/darknet-master/src/network_kernels.cu(368): warning : variable "im" was set but never used
  
C:/Users/KwonDongHyung/darknet-master/src/blas_kernels.cu(1038): warning : variable "out_index" was declared but never referenced
  
C:/Users/KwonDongHyung/darknet-master/src/blas_kernels.cu(1082): warning : variable "step" was set but never used
  
C:/Users/KwonDongHyung/darknet-master/src/blas_kernels.cu(1686): warning : variable "stage_id" was declared but never referenced
  
C:/Users/KwonDongHyung/darknet-master/src/network_kernels.cu(359): warning : variable "l" was declared but never referenced
  
C:/Users/KwonDongHyung/darknet-master/src/network_kernels.cu(368): warning : variable "im" was set but never used
  
  network_kernels.cu
  maxpool_layer_kernels.cu
C:/Users/KwonDongHyung/darknet-master/src/blas_kernels.cu(1038): warning : variable "out_index" was declared but never referenced
  
C:/Users/KwonDongHyung/darknet-master/src/blas_kernels.cu(1082): warning : variable "step" was set but never used
  
C:/Users/KwonDongHyung/darknet-master/src/blas_kernels.cu(1686): warning : variable "stage_id" was declared but never referenced
  
  blas_kernels.cu
  im2col_kernels.cu
  darknet.c
  activation_layer.c
  activations.c
  art.c
  avgpool_layer.c
  batchnorm_layer.c
  blas.c
  box.c
  captcha.c
  cifar.c
  classifier.c
  coco.c
  col2im.c
  compare.c
  connected_layer.c
  conv_lstm_layer.c
  convolutional_layer.c
  cost_layer.c
  cpu_gemm.c
  crnn_layer.c
  코드를 생성하고 있습니다...
  컴파일하고 있습니다...
  crop_layer.c
  dark_cuda.c
  data.c
  deconvolutional_layer.c
  demo.c
  detection_layer.c
  detector.c
  dice.c
  dropout_layer.c
  gaussian_yolo_layer.c
  gemm.c
  getopt.c
  gettimeofday.c
  go.c
  gru_layer.c
  im2col.c
  image.c
  layer.c
  list.c
  local_layer.c
  코드를 생성하고 있습니다...
  컴파일하고 있습니다...
  lstm_layer.c
  matrix.c
  maxpool_layer.c
  network.c
  nightmare.c
  normalization_layer.c
  option_list.c
  parser.c
  region_layer.c
  reorg_layer.c
  reorg_old_layer.c
  rnn.c
  rnn_layer.c
  rnn_vid.c
  route_layer.c
  sam_layer.c
  scale_channels_layer.c
  shortcut_layer.c
  softmax_layer.c
  super.c
  코드를 생성하고 있습니다...
  컴파일하고 있습니다...
  swag.c
  tag.c
  tree.c
  upsample_layer.c
  utils.c
  voxel.c
  writing.c
  yolo.c
  yolo_layer.c
  http_stream.cpp
  image_opencv.cpp
  코드를 생성하고 있습니다...
     C:/Users/KwonDongHyung/darknet-master/Debug/darknet.lib 라이브러리 및 C:/Users/KwonDongHyung/darknet-master/Debug/darknet.exp 개체를 생성하고 있습니다.
  darknet.vcxproj -> C:\Users\KwonDongHyung\darknet-master\Debug\darknet.exe
