c:\users\kwondonghyung\darknet-master\dark.dir\debug\vc142.pdb
c:\users\kwondonghyung\darknet-master\dark.dir\debug\crnn_layer.obj
c:\users\kwondonghyung\darknet-master\dark.dir\debug\cpu_gemm.obj
c:\users\kwondonghyung\darknet-master\dark.dir\debug\cost_layer.obj
c:\users\kwondonghyung\darknet-master\dark.dir\debug\convolutional_layer.obj
c:\users\kwondonghyung\darknet-master\dark.dir\debug\conv_lstm_layer.obj
c:\users\kwondonghyung\darknet-master\dark.dir\debug\connected_layer.obj
c:\users\kwondonghyung\darknet-master\dark.dir\debug\compare.obj
c:\users\kwondonghyung\darknet-master\dark.dir\debug\col2im.obj
c:\users\kwondonghyung\darknet-master\dark.dir\debug\coco.obj
c:\users\kwondonghyung\darknet-master\dark.dir\debug\classifier.obj
c:\users\kwondonghyung\darknet-master\dark.dir\debug\cifar.obj
c:\users\kwondonghyung\darknet-master\dark.dir\debug\captcha.obj
c:\users\kwondonghyung\darknet-master\dark.dir\debug\box.obj
c:\users\kwondonghyung\darknet-master\dark.dir\debug\blas.obj
c:\users\kwondonghyung\darknet-master\dark.dir\debug\batchnorm_layer.obj
c:\users\kwondonghyung\darknet-master\dark.dir\debug\avgpool_layer.obj
c:\users\kwondonghyung\darknet-master\dark.dir\debug\art.obj
c:\users\kwondonghyung\darknet-master\dark.dir\debug\activations.obj
c:\users\kwondonghyung\darknet-master\dark.dir\debug\activation_layer.obj
c:\users\kwondonghyung\darknet-master\dark.dir\debug\yolo_v2_class.obj
c:\users\kwondonghyung\darknet-master\dark.dir\debug\local_layer.obj
c:\users\kwondonghyung\darknet-master\dark.dir\debug\list.obj
c:\users\kwondonghyung\darknet-master\dark.dir\debug\layer.obj
c:\users\kwondonghyung\darknet-master\dark.dir\debug\image.obj
c:\users\kwondonghyung\darknet-master\dark.dir\debug\im2col.obj
c:\users\kwondonghyung\darknet-master\dark.dir\debug\gru_layer.obj
c:\users\kwondonghyung\darknet-master\dark.dir\debug\go.obj
c:\users\kwondonghyung\darknet-master\dark.dir\debug\gettimeofday.obj
c:\users\kwondonghyung\darknet-master\dark.dir\debug\getopt.obj
c:\users\kwondonghyung\darknet-master\dark.dir\debug\gemm.obj
c:\users\kwondonghyung\darknet-master\dark.dir\debug\gaussian_yolo_layer.obj
c:\users\kwondonghyung\darknet-master\dark.dir\debug\dropout_layer.obj
c:\users\kwondonghyung\darknet-master\dark.dir\debug\dice.obj
c:\users\kwondonghyung\darknet-master\dark.dir\debug\detector.obj
c:\users\kwondonghyung\darknet-master\dark.dir\debug\detection_layer.obj
c:\users\kwondonghyung\darknet-master\dark.dir\debug\demo.obj
c:\users\kwondonghyung\darknet-master\dark.dir\debug\deconvolutional_layer.obj
c:\users\kwondonghyung\darknet-master\dark.dir\debug\data.obj
c:\users\kwondonghyung\darknet-master\dark.dir\debug\dark_cuda.obj
c:\users\kwondonghyung\darknet-master\dark.dir\debug\crop_layer.obj
c:\users\kwondonghyung\darknet-master\dark.dir\debug\super.obj
c:\users\kwondonghyung\darknet-master\dark.dir\debug\softmax_layer.obj
c:\users\kwondonghyung\darknet-master\dark.dir\debug\shortcut_layer.obj
c:\users\kwondonghyung\darknet-master\dark.dir\debug\scale_channels_layer.obj
c:\users\kwondonghyung\darknet-master\dark.dir\debug\sam_layer.obj
c:\users\kwondonghyung\darknet-master\dark.dir\debug\route_layer.obj
c:\users\kwondonghyung\darknet-master\dark.dir\debug\rnn_vid.obj
c:\users\kwondonghyung\darknet-master\dark.dir\debug\rnn_layer.obj
c:\users\kwondonghyung\darknet-master\dark.dir\debug\rnn.obj
c:\users\kwondonghyung\darknet-master\dark.dir\debug\reorg_old_layer.obj
c:\users\kwondonghyung\darknet-master\dark.dir\debug\reorg_layer.obj
c:\users\kwondonghyung\darknet-master\dark.dir\debug\region_layer.obj
c:\users\kwondonghyung\darknet-master\dark.dir\debug\parser.obj
c:\users\kwondonghyung\darknet-master\dark.dir\debug\option_list.obj
c:\users\kwondonghyung\darknet-master\dark.dir\debug\normalization_layer.obj
c:\users\kwondonghyung\darknet-master\dark.dir\debug\nightmare.obj
c:\users\kwondonghyung\darknet-master\dark.dir\debug\network.obj
c:\users\kwondonghyung\darknet-master\dark.dir\debug\maxpool_layer.obj
c:\users\kwondonghyung\darknet-master\dark.dir\debug\matrix.obj
c:\users\kwondonghyung\darknet-master\dark.dir\debug\lstm_layer.obj
c:\users\kwondonghyung\darknet-master\dark.dir\debug\image_opencv.obj
c:\users\kwondonghyung\darknet-master\dark.dir\debug\http_stream.obj
c:\users\kwondonghyung\darknet-master\dark.dir\debug\yolo_layer.obj
c:\users\kwondonghyung\darknet-master\dark.dir\debug\yolo.obj
c:\users\kwondonghyung\darknet-master\dark.dir\debug\writing.obj
c:\users\kwondonghyung\darknet-master\dark.dir\debug\voxel.obj
c:\users\kwondonghyung\darknet-master\dark.dir\debug\utils.obj
c:\users\kwondonghyung\darknet-master\dark.dir\debug\upsample_layer.obj
c:\users\kwondonghyung\darknet-master\dark.dir\debug\tree.obj
c:\users\kwondonghyung\darknet-master\dark.dir\debug\tag.obj
c:\users\kwondonghyung\darknet-master\dark.dir\debug\swag.obj
dark.dir\debug\activation_kernels.obj
dark.dir\debug\avgpool_layer_kernels.obj
dark.dir\debug\blas_kernels.obj
dark.dir\debug\col2im_kernels.obj
dark.dir\debug\convolutional_kernels.obj
dark.dir\debug\crop_layer_kernels.obj
dark.dir\debug\deconvolutional_kernels.obj
dark.dir\debug\dropout_layer_kernels.obj
dark.dir\debug\im2col_kernels.obj
dark.dir\debug\maxpool_layer_kernels.obj
dark.dir\debug\network_kernels.obj
c:\users\kwondonghyung\darknet-master\cmakefiles\generate.stamp
c:\users\kwondonghyung\darknet-master\debug\darkd.lib
c:\users\kwondonghyung\darknet-master\debug\darkd.exp
c:\users\kwondonghyung\darknet-master\debug\darkd.ilk
c:\users\kwondonghyung\darknet-master\debug\darkd.dll
c:\users\kwondonghyung\darknet-master\debug\darkd.pdb
c:\users\kwondonghyung\darknet-master\dark.dir\debug\activation_kernels.cu.cache
c:\users\kwondonghyung\darknet-master\dark.dir\debug\avgpool_layer_kernels.cu.cache
c:\users\kwondonghyung\darknet-master\dark.dir\debug\blas_kernels.cu.cache
c:\users\kwondonghyung\darknet-master\dark.dir\debug\col2im_kernels.cu.cache
c:\users\kwondonghyung\darknet-master\dark.dir\debug\convolutional_kernels.cu.cache
c:\users\kwondonghyung\darknet-master\dark.dir\debug\crop_layer_kernels.cu.cache
c:\users\kwondonghyung\darknet-master\dark.dir\debug\deconvolutional_kernels.cu.cache
c:\users\kwondonghyung\darknet-master\dark.dir\debug\dropout_layer_kernels.cu.cache
c:\users\kwondonghyung\darknet-master\dark.dir\debug\im2col_kernels.cu.cache
c:\users\kwondonghyung\darknet-master\dark.dir\debug\maxpool_layer_kernels.cu.cache
c:\users\kwondonghyung\darknet-master\dark.dir\debug\network_kernels.cu.cache
c:\users\kwondonghyung\darknet-master\dark.dir\debug\activation_kernels.obj
c:\users\kwondonghyung\darknet-master\dark.dir\debug\avgpool_layer_kernels.obj
c:\users\kwondonghyung\darknet-master\dark.dir\debug\blas_kernels.obj
c:\users\kwondonghyung\darknet-master\dark.dir\debug\col2im_kernels.obj
c:\users\kwondonghyung\darknet-master\dark.dir\debug\convolutional_kernels.obj
c:\users\kwondonghyung\darknet-master\dark.dir\debug\crop_layer_kernels.obj
c:\users\kwondonghyung\darknet-master\dark.dir\debug\darkd.device-link.obj
c:\users\kwondonghyung\darknet-master\dark.dir\debug\deconvolutional_kernels.obj
c:\users\kwondonghyung\darknet-master\dark.dir\debug\dropout_layer_kernels.obj
c:\users\kwondonghyung\darknet-master\dark.dir\debug\im2col_kernels.obj
c:\users\kwondonghyung\darknet-master\dark.dir\debug\maxpool_layer_kernels.obj
c:\users\kwondonghyung\darknet-master\dark.dir\debug\network_kernels.obj
c:\users\kwondonghyung\darknet-master\dark.dir\debug\dark.tlog\cl.command.1.tlog
c:\users\kwondonghyung\darknet-master\dark.dir\debug\dark.tlog\cl.read.1.tlog
c:\users\kwondonghyung\darknet-master\dark.dir\debug\dark.tlog\cl.write.1.tlog
c:\users\kwondonghyung\darknet-master\dark.dir\debug\dark.tlog\cudacompile.read.1u.tlog
c:\users\kwondonghyung\darknet-master\dark.dir\debug\dark.tlog\cudacompile.write.1u.tlog
c:\users\kwondonghyung\darknet-master\dark.dir\debug\dark.tlog\custombuild.command.1.tlog
c:\users\kwondonghyung\darknet-master\dark.dir\debug\dark.tlog\custombuild.read.1.tlog
c:\users\kwondonghyung\darknet-master\dark.dir\debug\dark.tlog\custombuild.write.1.tlog
c:\users\kwondonghyung\darknet-master\dark.dir\debug\dark.tlog\dark.write.1u.tlog
c:\users\kwondonghyung\darknet-master\dark.dir\debug\dark.tlog\link.command.1.tlog
c:\users\kwondonghyung\darknet-master\dark.dir\debug\dark.tlog\link.read.1.tlog
c:\users\kwondonghyung\darknet-master\dark.dir\debug\dark.tlog\link.write.1.tlog
