  Building Custom Rule C:/Users/KwonDongHyung/darknet-master/CMakeLists.txt
  Compiling CUDA source file src\crop_layer_kernels.cu...
  Compiling CUDA source file src\activation_kernels.cu...
  Compiling CUDA source file src\deconvolutional_kernels.cu...
  Compiling CUDA source file src\avgpool_layer_kernels.cu...
  Compiling CUDA source file src\blas_kernels.cu...
  Compiling CUDA source file src\convolutional_kernels.cu...
  Compiling CUDA source file src\col2im_kernels.cu...
  
  
  C:\Users\KwonDongHyung\darknet-master>"C:\Program Files\NVIDIA GPU Computing Toolkit\CUDA\v10.2\bin\nvcc.exe" -gencode=arch=compute_30,code=\"sm_30,compute_30\" -gencode=arch=compute_35,code=\"sm_35,compute_35\" -gencode=arch=compute_50,code=\"sm_50,compute_50\" -gencode=arch=compute_52,code=\"sm_52,compute_52\" -gencode=arch=compute_60,code=\"sm_60,compute_60\" -gencode=arch=compute_61,code=\"sm_61,compute_61\" -gencode=arch=compute_70,code=\"sm_70,compute_70\" -gencode=arch=compute_75,code=\"sm_75,compute_75\" -gencode=arch=compute_70,code=\"compute_70,compute_70\" -gencode=arch=compute_75,code=\"compute_75,compute_75\" --use-local-env -ccbin "C:\Program Files (x86)\Microsoft Visual Studio\2019\Community\VC\Tools\MSVC\14.25.28610\bin\HostX64\x64" -x cu -rdc=true -I"C:\Users\KwonDongHyung\darknet-master\include" -I"C:\Users\KwonDongHyung\darknet-master\src" -I"C:\Users\KwonDongHyung\darknet-master\3rdparty\stb\include" -IC:\Users\KwonDongHyung\opencv\build\include -I"C:\Program Files\NVIDIA GPU Computing Toolkit\CUDA\v10.2\include" -I"C:\Users\KwonDongHyung\darknet-master\3rdparty\pthreads\include" -I"C:\Program Files\NVIDIA GPU Computing Toolkit\CUDA\v10.2\include"     --keep-dir x64\Debug -maxrregcount=0  --machine 64 --compile -cudart static -Wno-deprecated-declarations -Xcompiler="/wd4013,/wd4018,/wd4028,/wd4047,/wd4068,/wd4090,/wd4101,/wd4113,/wd4133,/wd4190,/wd4244,/wd4267,/wd4305,/wd4477,/wd4996,/wd4819,/fp:fast,/DGPU,/DCUDNN,/DOPENCV /EHsc -Zi -Ob0" -g   -D_WINDOWS -DLIB_EXPORTS=1 -DUSE_CMAKE_LIBS -DCUDNN -DCUDNN_HALF -DOPENCV -D_CRT_RAND_S -DNOMINMAX -D_USE_MATH_DEFINES -D_CRT_SECURE_NO_WARNINGS -DGPU -D_TIMESPEC_DEFINED -D"CMAKE_INTDIR=\"Debug\"" -Ddark_EXPORTS -DWIN32 -D_WINDOWS -DLIB_EXPORTS=1 -DUSE_CMAKE_LIBS -DCUDNN -DCUDNN_HALF -DOPENCV -D_CRT_RAND_S -DNOMINMAX -D_USE_MATH_DEFINES -D_CRT_SECURE_NO_WARNINGS -DGPU -D_TIMESPEC_DEFINED -D"CMAKE_INTDIR=\"Debug\"" -Ddark_EXPORTS -D_WINDLL -D_MBCS -Xcompiler "/EHsc /W3 /nologo /Od /Fddark.dir\Debug\vc142.pdb /FS /Zi /RTC1 /MDd /GR" -o dark.dir\Debug\blas_kernels.obj "C:\Users\KwonDongHyung\darknet-master\src\blas_kernels.cu" 
  C:\Users\KwonDongHyung\darknet-master>"C:\Program Files\NVIDIA GPU Computing Toolkit\CUDA\v10.2\bin\nvcc.exe" -gencode=arch=compute_30,code=\"sm_30,compute_30\" -gencode=arch=compute_35,code=\"sm_35,compute_35\" -gencode=arch=compute_50,code=\"sm_50,compute_50\" -gencode=arch=compute_52,code=\"sm_52,compute_52\" -gencode=arch=compute_60,code=\"sm_60,compute_60\" -gencode=arch=compute_61,code=\"sm_61,compute_61\" -gencode=arch=compute_70,code=\"sm_70,compute_70\" -gencode=arch=compute_75,code=\"sm_75,compute_75\" -gencode=arch=compute_70,code=\"compute_70,compute_70\" -gencode=arch=compute_75,code=\"compute_75,compute_75\" --use-local-env -ccbin "C:\Program Files (x86)\Microsoft Visual Studio\2019\Community\VC\Tools\MSVC\14.25.28610\bin\HostX64\x64" -x cu -rdc=true -I"C:\Users\KwonDongHyung\darknet-master\include" -I"C:\Users\KwonDongHyung\darknet-master\src" -I"C:\Users\KwonDongHyung\darknet-master\3rdparty\stb\include" -IC:\Users\KwonDongHyung\opencv\build\include -I"C:\Program Files\NVIDIA GPU Computing Toolkit\CUDA\v10.2\include" -I"C:\Users\KwonDongHyung\darknet-master\3rdparty\pthreads\include" -I"C:\Program Files\NVIDIA GPU Computing Toolkit\CUDA\v10.2\include"     --keep-dir x64\Debug -maxrregcount=0  --machine 64 --compile -cudart static -Wno-deprecated-declarations -Xcompiler="/wd4013,/wd4018,/wd4028,/wd4047,/wd4068,/wd4090,/wd4101,/wd4113,/wd4133,/wd4190,/wd4244,/wd4267,/wd4305,/wd4477,/wd4996,/wd4819,/fp:fast,/DGPU,/DCUDNN,/DOPENCV /EHsc -Zi -Ob0" -g   -D_WINDOWS -DLIB_EXPORTS=1 -DUSE_CMAKE_LIBS -DCUDNN -DCUDNN_HALF -DOPENCV -D_CRT_RAND_S -DNOMINMAX -D_USE_MATH_DEFINES -D_CRT_SECURE_NO_WARNINGS -DGPU -D_TIMESPEC_DEFINED -D"CMAKE_INTDIR=\"Debug\"" -Ddark_EXPORTS -DWIN32 -D_WINDOWS -DLIB_EXPORTS=1 -DUSE_CMAKE_LIBS -DCUDNN -DCUDNN_HALF -DOPENCV -D_CRT_RAND_S -DNOMINMAX -D_USE_MATH_DEFINES -D_CRT_SECURE_NO_WARNINGS -DGPU -D_TIMESPEC_DEFINED -D"CMAKE_INTDIR=\"Debug\"" -Ddark_EXPORTS -D_WINDLL -D_MBCS -Xcompiler "/EHsc /W3 /nologo /Od /Fddark.dir\Debug\vc142.pdb /FS /Zi /RTC1 /MDd /GR" -o dark.dir\Debug\avgpool_layer_kernels.obj "C:\Users\KwonDongHyung\darknet-master\src\avgpool_layer_kernels.cu" 
  
  C:\Users\KwonDongHyung\darknet-master>"C:\Program Files\NVIDIA GPU Computing Toolkit\CUDA\v10.2\bin\nvcc.exe" -gencode=arch=compute_30,code=\"sm_30,compute_30\" -gencode=arch=compute_35,code=\"sm_35,compute_35\" -gencode=arch=compute_50,code=\"sm_50,compute_50\" -gencode=arch=compute_52,code=\"sm_52,compute_52\" -gencode=arch=compute_60,code=\"sm_60,compute_60\" -gencode=arch=compute_61,code=\"sm_61,compute_61\" -gencode=arch=compute_70,code=\"sm_70,compute_70\" -gencode=arch=compute_75,code=\"sm_75,compute_75\" -gencode=arch=compute_70,code=\"compute_70,compute_70\" -gencode=arch=compute_75,code=\"compute_75,compute_75\" --use-local-env -ccbin "C:\Program Files (x86)\Microsoft Visual Studio\2019\Community\VC\Tools\MSVC\14.25.28610\bin\HostX64\x64" -x cu -rdc=true -I"C:\Users\KwonDongHyung\darknet-master\include" -I"C:\Users\KwonDongHyung\darknet-master\src" -I"C:\Users\KwonDongHyung\darknet-master\3rdparty\stb\include" -IC:\Users\KwonDongHyung\opencv\build\include -I"C:\Program Files\NVIDIA GPU Computing Toolkit\CUDA\v10.2\include" -I"C:\Users\KwonDongHyung\darknet-master\3rdparty\pthreads\include" -I"C:\Program Files\NVIDIA GPU Computing Toolkit\CUDA\v10.2\include"     --keep-dir x64\Debug -maxrregcount=0  --machine 64 --compile -cudart static -Wno-deprecated-declarations -Xcompiler="/wd4013,/wd4018,/wd4028,/wd4047,/wd4068,/wd4090,/wd4101,/wd4113,/wd4133,/wd4190,/wd4244,/wd4267,/wd4305,/wd4477,/wd4996,/wd4819,/fp:fast,/DGPU,/DCUDNN,/DOPENCV /EHsc -Zi -Ob0" -g   -D_WINDOWS -DLIB_EXPORTS=1 -DUSE_CMAKE_LIBS -DCUDNN -DCUDNN_HALF -DOPENCV -D_CRT_RAND_S -DNOMINMAX -D_USE_MATH_DEFINES -D_CRT_SECURE_NO_WARNINGS -DGPU -D_TIMESPEC_DEFINED -D"CMAKE_INTDIR=\"Debug\"" -Ddark_EXPORTS -DWIN32 -D_WINDOWS -DLIB_EXPORTS=1 -DUSE_CMAKE_LIBS -DCUDNN -DCUDNN_HALF -DOPENCV -D_CRT_RAND_S -DNOMINMAX -D_USE_MATH_DEFINES -D_CRT_SECURE_NO_WARNINGS -DGPU -D_TIMESPEC_DEFINED -D"CMAKE_INTDIR=\"Debug\"" -Ddark_EXPORTS -D_WINDLL -D_MBCS -Xcompiler "/EHsc /W3 /nologo /Od /Fddark.dir\Debug\vc142.pdb /FS /Zi /RTC1 /MDd /GR" -o dark.dir\Debug\col2im_kernels.obj "C:\Users\KwonDongHyung\darknet-master\src\col2im_kernels.cu" 
  
  C:\Users\KwonDongHyung\darknet-master>"C:\Program Files\NVIDIA GPU Computing Toolkit\CUDA\v10.2\bin\nvcc.exe" -gencode=arch=compute_30,code=\"sm_30,compute_30\" -gencode=arch=compute_35,code=\"sm_35,compute_35\" -gencode=arch=compute_50,code=\"sm_50,compute_50\" -gencode=arch=compute_52,code=\"sm_52,compute_52\" -gencode=arch=compute_60,code=\"sm_60,compute_60\" -gencode=arch=compute_61,code=\"sm_61,compute_61\" -gencode=arch=compute_70,code=\"sm_70,compute_70\" -gencode=arch=compute_75,code=\"sm_75,compute_75\" -gencode=arch=compute_70,code=\"compute_70,compute_70\" -gencode=arch=compute_75,code=\"compute_75,compute_75\" --use-local-env -ccbin "C:\Program Files (x86)\Microsoft Visual Studio\2019\Community\VC\Tools\MSVC\14.25.28610\bin\HostX64\x64" -x cu -rdc=true -I"C:\Users\KwonDongHyung\darknet-master\include" -I"C:\Users\KwonDongHyung\darknet-master\src" -I"C:\Users\KwonDongHyung\darknet-master\3rdparty\stb\include" -IC:\Users\KwonDongHyung\opencv\build\include -I"C:\Program Files\NVIDIA GPU Computing Toolkit\CUDA\v10.2\include" -I"C:\Users\KwonDongHyung\darknet-master\3rdparty\pthreads\include" -I"C:\Program Files\NVIDIA GPU Computing Toolkit\CUDA\v10.2\include"     --keep-dir x64\Debug -maxrregcount=0  --machine 64 --compile -cudart static -Wno-deprecated-declarations -Xcompiler="/wd4013,/wd4018,/wd4028,/wd4047,/wd4068,/wd4090,/wd4101,/wd4113,/wd4133,/wd4190,/wd4244,/wd4267,/wd4305,/wd4477,/wd4996,/wd4819,/fp:fast,/DGPU,/DCUDNN,/DOPENCV /EHsc -Zi -Ob0" -g   -D_WINDOWS -DLIB_EXPORTS=1 -DUSE_CMAKE_LIBS -DCUDNN -DCUDNN_HALF -DOPENCV -D_CRT_RAND_S -DNOMINMAX -D_USE_MATH_DEFINES -D_CRT_SECURE_NO_WARNINGS -DGPU -D_TIMESPEC_DEFINED -D"CMAKE_INTDIR=\"Debug\"" -Ddark_EXPORTS -DWIN32 -D_WINDOWS -DLIB_EXPORTS=1 -DUSE_CMAKE_LIBS -DCUDNN -DCUDNN_HALF -DOPENCV -D_CRT_RAND_S -DNOMINMAX -D_USE_MATH_DEFINES -D_CRT_SECURE_NO_WARNINGS -DGPU -D_TIMESPEC_DEFINED -D"CMAKE_INTDIR=\"Debug\"" -Ddark_EXPORTS -D_WINDLL -D_MBCS -Xcompiler "/EHsc /W3 /nologo /Od /Fddark.dir\Debug\vc142.pdb /FS /Zi /RTC1 /MDd /GR" -o dark.dir\Debug\convolutional_kernels.obj "C:\Users\KwonDongHyung\darknet-master\src\convolutional_kernels.cu" 
  
  C:\Users\KwonDongHyung\darknet-master>"C:\Program Files\NVIDIA GPU Computing Toolkit\CUDA\v10.2\bin\nvcc.exe" -gencode=arch=compute_30,code=\"sm_30,compute_30\" -gencode=arch=compute_35,code=\"sm_35,compute_35\" -gencode=arch=compute_50,code=\"sm_50,compute_50\" -gencode=arch=compute_52,code=\"sm_52,compute_52\" -gencode=arch=compute_60,code=\"sm_60,compute_60\" -gencode=arch=compute_61,code=\"sm_61,compute_61\" -gencode=arch=compute_70,code=\"sm_70,compute_70\" -gencode=arch=compute_75,code=\"sm_75,compute_75\" -gencode=arch=compute_70,code=\"compute_70,compute_70\" -gencode=arch=compute_75,code=\"compute_75,compute_75\" --use-local-env -ccbin "C:\Program Files (x86)\Microsoft Visual Studio\2019\Community\VC\Tools\MSVC\14.25.28610\bin\HostX64\x64" -x cu -rdc=true -I"C:\Users\KwonDongHyung\darknet-master\include" -I"C:\Users\KwonDongHyung\darknet-master\src" -I"C:\Users\KwonDongHyung\darknet-master\3rdparty\stb\include" -IC:\Users\KwonDongHyung\opencv\build\include -I"C:\Program Files\NVIDIA GPU Computing Toolkit\CUDA\v10.2\include" -I"C:\Users\KwonDongHyung\darknet-master\3rdparty\pthreads\include" -I"C:\Program Files\NVIDIA GPU Computing Toolkit\CUDA\v10.2\include"     --keep-dir x64\Debug -maxrregcount=0  --machine 64 --compile -cudart static -Wno-deprecated-declarations -Xcompiler="/wd4013,/wd4018,/wd4028,/wd4047,/wd4068,/wd4090,/wd4101,/wd4113,/wd4133,/wd4190,/wd4244,/wd4267,/wd4305,/wd4477,/wd4996,/wd4819,/fp:fast,/DGPU,/DCUDNN,/DOPENCV /EHsc -Zi -Ob0" -g   -D_WINDOWS -DLIB_EXPORTS=1 -DUSE_CMAKE_LIBS -DCUDNN -DCUDNN_HALF -DOPENCV -D_CRT_RAND_S -DNOMINMAX -D_USE_MATH_DEFINES -D_CRT_SECURE_NO_WARNINGS -DGPU -D_TIMESPEC_DEFINED -D"CMAKE_INTDIR=\"Debug\"" -Ddark_EXPORTS -DWIN32 -D_WINDOWS -DLIB_EXPORTS=1 -DUSE_CMAKE_LIBS -DCUDNN -DCUDNN_HALF -DOPENCV -D_CRT_RAND_S -DNOMINMAX -D_USE_MATH_DEFINES -D_CRT_SECURE_NO_WARNINGS -DGPU -D_TIMESPEC_DEFINED -D"CMAKE_INTDIR=\"Debug\"" -Ddark_EXPORTS -D_WINDLL -D_MBCS -Xcompiler "/EHsc /W3 /nologo /Od /Fddark.dir\Debug\vc142.pdb /FS /Zi /RTC1 /MDd /GR" -o dark.dir\Debug\deconvolutional_kernels.obj "C:\Users\KwonDongHyung\darknet-master\src\deconvolutional_kernels.cu" 
  
  C:\Users\KwonDongHyung\darknet-master>"C:\Program Files\NVIDIA GPU Computing Toolkit\CUDA\v10.2\bin\nvcc.exe" -gencode=arch=compute_30,code=\"sm_30,compute_30\" -gencode=arch=compute_35,code=\"sm_35,compute_35\" -gencode=arch=compute_50,code=\"sm_50,compute_50\" -gencode=arch=compute_52,code=\"sm_52,compute_52\" -gencode=arch=compute_60,code=\"sm_60,compute_60\" -gencode=arch=compute_61,code=\"sm_61,compute_61\" -gencode=arch=compute_70,code=\"sm_70,compute_70\" -gencode=arch=compute_75,code=\"sm_75,compute_75\" -gencode=arch=compute_70,code=\"compute_70,compute_70\" -gencode=arch=compute_75,code=\"compute_75,compute_75\" --use-local-env -ccbin "C:\Program Files (x86)\Microsoft Visual Studio\2019\Community\VC\Tools\MSVC\14.25.28610\bin\HostX64\x64" -x cu -rdc=true -I"C:\Users\KwonDongHyung\darknet-master\include" -I"C:\Users\KwonDongHyung\darknet-master\src" -I"C:\Users\KwonDongHyung\darknet-master\3rdparty\stb\include" -IC:\Users\KwonDongHyung\opencv\build\include -I"C:\Program Files\NVIDIA GPU Computing Toolkit\CUDA\v10.2\include" -I"C:\Users\KwonDongHyung\darknet-master\3rdparty\pthreads\include" -I"C:\Program Files\NVIDIA GPU Computing Toolkit\CUDA\v10.2\include"     --keep-dir x64\Debug -maxrregcount=0  --machine 64 --compile -cudart static -Wno-deprecated-declarations -Xcompiler="/wd4013,/wd4018,/wd4028,/wd4047,/wd4068,/wd4090,/wd4101,/wd4113,/wd4133,/wd4190,/wd4244,/wd4267,/wd4305,/wd4477,/wd4996,/wd4819,/fp:fast,/DGPU,/DCUDNN,/DOPENCV /EHsc -Zi -Ob0" -g   -D_WINDOWS -DLIB_EXPORTS=1 -DUSE_CMAKE_LIBS -DCUDNN -DCUDNN_HALF -DOPENCV -D_CRT_RAND_S -DNOMINMAX -D_USE_MATH_DEFINES -D_CRT_SECURE_NO_WARNINGS -DGPU -D_TIMESPEC_DEFINED -D"CMAKE_INTDIR=\"Debug\"" -Ddark_EXPORTS -DWIN32 -D_WINDOWS -DLIB_EXPORTS=1 -DUSE_CMAKE_LIBS -DCUDNN -DCUDNN_HALF -DOPENCV -D_CRT_RAND_S -DNOMINMAX -D_USE_MATH_DEFINES -D_CRT_SECURE_NO_WARNINGS -DGPU -D_TIMESPEC_DEFINED -D"CMAKE_INTDIR=\"Debug\"" -Ddark_EXPORTS -D_WINDLL -D_MBCS -Xcompiler "/EHsc /W3 /nologo /Od /Fddark.dir\Debug\vc142.pdb /FS /Zi /RTC1 /MDd /GR" -o dark.dir\Debug\crop_layer_kernels.obj "C:\Users\KwonDongHyung\darknet-master\src\crop_layer_kernels.cu" 
  
  C:\Users\KwonDongHyung\darknet-master>"C:\Program Files\NVIDIA GPU Computing Toolkit\CUDA\v10.2\bin\nvcc.exe" -gencode=arch=compute_30,code=\"sm_30,compute_30\" -gencode=arch=compute_35,code=\"sm_35,compute_35\" -gencode=arch=compute_50,code=\"sm_50,compute_50\" -gencode=arch=compute_52,code=\"sm_52,compute_52\" -gencode=arch=compute_60,code=\"sm_60,compute_60\" -gencode=arch=compute_61,code=\"sm_61,compute_61\" -gencode=arch=compute_70,code=\"sm_70,compute_70\" -gencode=arch=compute_75,code=\"sm_75,compute_75\" -gencode=arch=compute_70,code=\"compute_70,compute_70\" -gencode=arch=compute_75,code=\"compute_75,compute_75\" --use-local-env -ccbin "C:\Program Files (x86)\Microsoft Visual Studio\2019\Community\VC\Tools\MSVC\14.25.28610\bin\HostX64\x64" -x cu -rdc=true -I"C:\Users\KwonDongHyung\darknet-master\include" -I"C:\Users\KwonDongHyung\darknet-master\src" -I"C:\Users\KwonDongHyung\darknet-master\3rdparty\stb\include" -IC:\Users\KwonDongHyung\opencv\build\include -I"C:\Program Files\NVIDIA GPU Computing Toolkit\CUDA\v10.2\include" -I"C:\Users\KwonDongHyung\darknet-master\3rdparty\pthreads\include" -I"C:\Program Files\NVIDIA GPU Computing Toolkit\CUDA\v10.2\include"     --keep-dir x64\Debug -maxrregcount=0  --machine 64 --compile -cudart static -Wno-deprecated-declarations -Xcompiler="/wd4013,/wd4018,/wd4028,/wd4047,/wd4068,/wd4090,/wd4101,/wd4113,/wd4133,/wd4190,/wd4244,/wd4267,/wd4305,/wd4477,/wd4996,/wd4819,/fp:fast,/DGPU,/DCUDNN,/DOPENCV /EHsc -Zi -Ob0" -g   -D_WINDOWS -DLIB_EXPORTS=1 -DUSE_CMAKE_LIBS -DCUDNN -DCUDNN_HALF -DOPENCV -D_CRT_RAND_S -DNOMINMAX -D_USE_MATH_DEFINES -D_CRT_SECURE_NO_WARNINGS -DGPU -D_TIMESPEC_DEFINED -D"CMAKE_INTDIR=\"Debug\"" -Ddark_EXPORTS -DWIN32 -D_WINDOWS -DLIB_EXPORTS=1 -DUSE_CMAKE_LIBS -DCUDNN -DCUDNN_HALF -DOPENCV -D_CRT_RAND_S -DNOMINMAX -D_USE_MATH_DEFINES -D_CRT_SECURE_NO_WARNINGS -DGPU -D_TIMESPEC_DEFINED -D"CMAKE_INTDIR=\"Debug\"" -Ddark_EXPORTS -D_WINDLL -D_MBCS -Xcompiler "/EHsc /W3 /nologo /Od /Fddark.dir\Debug\vc142.pdb /FS /Zi /RTC1 /MDd /GR" -o dark.dir\Debug\activation_kernels.obj "C:\Users\KwonDongHyung\darknet-master\src\activation_kernels.cu" 
C:/Users/KwonDongHyung/darknet-master/src/blas_kernels.cu(1038): warning : variable "out_index" was declared but never referenced
  
C:/Users/KwonDongHyung/darknet-master/src/blas_kernels.cu(1082): warning : variable "step" was set but never used
  
C:/Users/KwonDongHyung/darknet-master/src/blas_kernels.cu(1686): warning : variable "stage_id" was declared but never referenced
  
C:/Users/KwonDongHyung/darknet-master/src/blas_kernels.cu(1038): warning : variable "out_index" was declared but never referenced
  
C:/Users/KwonDongHyung/darknet-master/src/blas_kernels.cu(1082): warning : variable "step" was set but never used
  
C:/Users/KwonDongHyung/darknet-master/src/blas_kernels.cu(1686): warning : variable "stage_id" was declared but never referenced
  
C:/Users/KwonDongHyung/darknet-master/src/blas_kernels.cu(1038): warning : variable "out_index" was declared but never referenced
  
C:/Users/KwonDongHyung/darknet-master/src/blas_kernels.cu(1082): warning : variable "step" was set but never used
  
C:/Users/KwonDongHyung/darknet-master/src/blas_kernels.cu(1686): warning : variable "stage_id" was declared but never referenced
  
  deconvolutional_kernels.cu
  avgpool_layer_kernels.cu
C:/Users/KwonDongHyung/darknet-master/src/blas_kernels.cu(1038): warning : variable "out_index" was declared but never referenced
  
C:/Users/KwonDongHyung/darknet-master/src/blas_kernels.cu(1082): warning : variable "step" was set but never used
  
C:/Users/KwonDongHyung/darknet-master/src/blas_kernels.cu(1686): warning : variable "stage_id" was declared but never referenced
  
  col2im_kernels.cu
  crop_layer_kernels.cu
  convolutional_kernels.cu
  activation_kernels.cu
C:/Users/KwonDongHyung/darknet-master/src/blas_kernels.cu(1038): warning : variable "out_index" was declared but never referenced
  
C:/Users/KwonDongHyung/darknet-master/src/blas_kernels.cu(1082): warning : variable "step" was set but never used
  
C:/Users/KwonDongHyung/darknet-master/src/blas_kernels.cu(1686): warning : variable "stage_id" was declared but never referenced
  
C:/Users/KwonDongHyung/darknet-master/src/blas_kernels.cu(1038): warning : variable "out_index" was declared but never referenced
  
C:/Users/KwonDongHyung/darknet-master/src/blas_kernels.cu(1082): warning : variable "step" was set but never used
  
C:/Users/KwonDongHyung/darknet-master/src/blas_kernels.cu(1686): warning : variable "stage_id" was declared but never referenced
  
C:/Users/KwonDongHyung/darknet-master/src/blas_kernels.cu(1038): warning : variable "out_index" was declared but never referenced
  
C:/Users/KwonDongHyung/darknet-master/src/blas_kernels.cu(1082): warning : variable "step" was set but never used
  
C:/Users/KwonDongHyung/darknet-master/src/blas_kernels.cu(1686): warning : variable "stage_id" was declared but never referenced
  
  Compiling CUDA source file src\dropout_layer_kernels.cu...
  
  C:\Users\KwonDongHyung\darknet-master>"C:\Program Files\NVIDIA GPU Computing Toolkit\CUDA\v10.2\bin\nvcc.exe" -gencode=arch=compute_30,code=\"sm_30,compute_30\" -gencode=arch=compute_35,code=\"sm_35,compute_35\" -gencode=arch=compute_50,code=\"sm_50,compute_50\" -gencode=arch=compute_52,code=\"sm_52,compute_52\" -gencode=arch=compute_60,code=\"sm_60,compute_60\" -gencode=arch=compute_61,code=\"sm_61,compute_61\" -gencode=arch=compute_70,code=\"sm_70,compute_70\" -gencode=arch=compute_75,code=\"sm_75,compute_75\" -gencode=arch=compute_70,code=\"compute_70,compute_70\" -gencode=arch=compute_75,code=\"compute_75,compute_75\" --use-local-env -ccbin "C:\Program Files (x86)\Microsoft Visual Studio\2019\Community\VC\Tools\MSVC\14.25.28610\bin\HostX64\x64" -x cu -rdc=true -I"C:\Users\KwonDongHyung\darknet-master\include" -I"C:\Users\KwonDongHyung\darknet-master\src" -I"C:\Users\KwonDongHyung\darknet-master\3rdparty\stb\include" -IC:\Users\KwonDongHyung\opencv\build\include -I"C:\Program Files\NVIDIA GPU Computing Toolkit\CUDA\v10.2\include" -I"C:\Users\KwonDongHyung\darknet-master\3rdparty\pthreads\include" -I"C:\Program Files\NVIDIA GPU Computing Toolkit\CUDA\v10.2\include"     --keep-dir x64\Debug -maxrregcount=0  --machine 64 --compile -cudart static -Wno-deprecated-declarations -Xcompiler="/wd4013,/wd4018,/wd4028,/wd4047,/wd4068,/wd4090,/wd4101,/wd4113,/wd4133,/wd4190,/wd4244,/wd4267,/wd4305,/wd4477,/wd4996,/wd4819,/fp:fast,/DGPU,/DCUDNN,/DOPENCV /EHsc -Zi -Ob0" -g   -D_WINDOWS -DLIB_EXPORTS=1 -DUSE_CMAKE_LIBS -DCUDNN -DCUDNN_HALF -DOPENCV -D_CRT_RAND_S -DNOMINMAX -D_USE_MATH_DEFINES -D_CRT_SECURE_NO_WARNINGS -DGPU -D_TIMESPEC_DEFINED -D"CMAKE_INTDIR=\"Debug\"" -Ddark_EXPORTS -DWIN32 -D_WINDOWS -DLIB_EXPORTS=1 -DUSE_CMAKE_LIBS -DCUDNN -DCUDNN_HALF -DOPENCV -D_CRT_RAND_S -DNOMINMAX -D_USE_MATH_DEFINES -D_CRT_SECURE_NO_WARNINGS -DGPU -D_TIMESPEC_DEFINED -D"CMAKE_INTDIR=\"Debug\"" -Ddark_EXPORTS -D_WINDLL -D_MBCS -Xcompiler "/EHsc /W3 /nologo /Od /Fddark.dir\Debug\vc142.pdb /FS /Zi /RTC1 /MDd /GR" -o dark.dir\Debug\dropout_layer_kernels.obj "C:\Users\KwonDongHyung\darknet-master\src\dropout_layer_kernels.cu" 
  Compiling CUDA source file src\im2col_kernels.cu...
  
  C:\Users\KwonDongHyung\darknet-master>"C:\Program Files\NVIDIA GPU Computing Toolkit\CUDA\v10.2\bin\nvcc.exe" -gencode=arch=compute_30,code=\"sm_30,compute_30\" -gencode=arch=compute_35,code=\"sm_35,compute_35\" -gencode=arch=compute_50,code=\"sm_50,compute_50\" -gencode=arch=compute_52,code=\"sm_52,compute_52\" -gencode=arch=compute_60,code=\"sm_60,compute_60\" -gencode=arch=compute_61,code=\"sm_61,compute_61\" -gencode=arch=compute_70,code=\"sm_70,compute_70\" -gencode=arch=compute_75,code=\"sm_75,compute_75\" -gencode=arch=compute_70,code=\"compute_70,compute_70\" -gencode=arch=compute_75,code=\"compute_75,compute_75\" --use-local-env -ccbin "C:\Program Files (x86)\Microsoft Visual Studio\2019\Community\VC\Tools\MSVC\14.25.28610\bin\HostX64\x64" -x cu -rdc=true -I"C:\Users\KwonDongHyung\darknet-master\include" -I"C:\Users\KwonDongHyung\darknet-master\src" -I"C:\Users\KwonDongHyung\darknet-master\3rdparty\stb\include" -IC:\Users\KwonDongHyung\opencv\build\include -I"C:\Program Files\NVIDIA GPU Computing Toolkit\CUDA\v10.2\include" -I"C:\Users\KwonDongHyung\darknet-master\3rdparty\pthreads\include" -I"C:\Program Files\NVIDIA GPU Computing Toolkit\CUDA\v10.2\include"     --keep-dir x64\Debug -maxrregcount=0  --machine 64 --compile -cudart static -Wno-deprecated-declarations -Xcompiler="/wd4013,/wd4018,/wd4028,/wd4047,/wd4068,/wd4090,/wd4101,/wd4113,/wd4133,/wd4190,/wd4244,/wd4267,/wd4305,/wd4477,/wd4996,/wd4819,/fp:fast,/DGPU,/DCUDNN,/DOPENCV /EHsc -Zi -Ob0" -g   -D_WINDOWS -DLIB_EXPORTS=1 -DUSE_CMAKE_LIBS -DCUDNN -DCUDNN_HALF -DOPENCV -D_CRT_RAND_S -DNOMINMAX -D_USE_MATH_DEFINES -D_CRT_SECURE_NO_WARNINGS -DGPU -D_TIMESPEC_DEFINED -D"CMAKE_INTDIR=\"Debug\"" -Ddark_EXPORTS -DWIN32 -D_WINDOWS -DLIB_EXPORTS=1 -DUSE_CMAKE_LIBS -DCUDNN -DCUDNN_HALF -DOPENCV -D_CRT_RAND_S -DNOMINMAX -D_USE_MATH_DEFINES -D_CRT_SECURE_NO_WARNINGS -DGPU -D_TIMESPEC_DEFINED -D"CMAKE_INTDIR=\"Debug\"" -Ddark_EXPORTS -D_WINDLL -D_MBCS -Xcompiler "/EHsc /W3 /nologo /Od /Fddark.dir\Debug\vc142.pdb /FS /Zi /RTC1 /MDd /GR" -o dark.dir\Debug\im2col_kernels.obj "C:\Users\KwonDongHyung\darknet-master\src\im2col_kernels.cu" 
C:/Users/KwonDongHyung/darknet-master/src/blas_kernels.cu(1038): warning : variable "out_index" was declared but never referenced
  
C:/Users/KwonDongHyung/darknet-master/src/blas_kernels.cu(1082): warning : variable "step" was set but never used
  
C:/Users/KwonDongHyung/darknet-master/src/blas_kernels.cu(1686): warning : variable "stage_id" was declared but never referenced
  
C:/Users/KwonDongHyung/darknet-master/src/dropout_layer_kernels.cu(140): warning : variable "cur_scale" was declared but never referenced
  
C:/Users/KwonDongHyung/darknet-master/src/dropout_layer_kernels.cu(245): warning : variable "cur_scale" was declared but never referenced
  
C:/Users/KwonDongHyung/darknet-master/src/dropout_layer_kernels.cu(262): warning : variable "block_prob" was declared but never referenced
  
  Compiling CUDA source file src\maxpool_layer_kernels.cu...
  
  C:\Users\KwonDongHyung\darknet-master>"C:\Program Files\NVIDIA GPU Computing Toolkit\CUDA\v10.2\bin\nvcc.exe" -gencode=arch=compute_30,code=\"sm_30,compute_30\" -gencode=arch=compute_35,code=\"sm_35,compute_35\" -gencode=arch=compute_50,code=\"sm_50,compute_50\" -gencode=arch=compute_52,code=\"sm_52,compute_52\" -gencode=arch=compute_60,code=\"sm_60,compute_60\" -gencode=arch=compute_61,code=\"sm_61,compute_61\" -gencode=arch=compute_70,code=\"sm_70,compute_70\" -gencode=arch=compute_75,code=\"sm_75,compute_75\" -gencode=arch=compute_70,code=\"compute_70,compute_70\" -gencode=arch=compute_75,code=\"compute_75,compute_75\" --use-local-env -ccbin "C:\Program Files (x86)\Microsoft Visual Studio\2019\Community\VC\Tools\MSVC\14.25.28610\bin\HostX64\x64" -x cu -rdc=true -I"C:\Users\KwonDongHyung\darknet-master\include" -I"C:\Users\KwonDongHyung\darknet-master\src" -I"C:\Users\KwonDongHyung\darknet-master\3rdparty\stb\include" -IC:\Users\KwonDongHyung\opencv\build\include -I"C:\Program Files\NVIDIA GPU Computing Toolkit\CUDA\v10.2\include" -I"C:\Users\KwonDongHyung\darknet-master\3rdparty\pthreads\include" -I"C:\Program Files\NVIDIA GPU Computing Toolkit\CUDA\v10.2\include"     --keep-dir x64\Debug -maxrregcount=0  --machine 64 --compile -cudart static -Wno-deprecated-declarations -Xcompiler="/wd4013,/wd4018,/wd4028,/wd4047,/wd4068,/wd4090,/wd4101,/wd4113,/wd4133,/wd4190,/wd4244,/wd4267,/wd4305,/wd4477,/wd4996,/wd4819,/fp:fast,/DGPU,/DCUDNN,/DOPENCV /EHsc -Zi -Ob0" -g   -D_WINDOWS -DLIB_EXPORTS=1 -DUSE_CMAKE_LIBS -DCUDNN -DCUDNN_HALF -DOPENCV -D_CRT_RAND_S -DNOMINMAX -D_USE_MATH_DEFINES -D_CRT_SECURE_NO_WARNINGS -DGPU -D_TIMESPEC_DEFINED -D"CMAKE_INTDIR=\"Debug\"" -Ddark_EXPORTS -DWIN32 -D_WINDOWS -DLIB_EXPORTS=1 -DUSE_CMAKE_LIBS -DCUDNN -DCUDNN_HALF -DOPENCV -D_CRT_RAND_S -DNOMINMAX -D_USE_MATH_DEFINES -D_CRT_SECURE_NO_WARNINGS -DGPU -D_TIMESPEC_DEFINED -D"CMAKE_INTDIR=\"Debug\"" -Ddark_EXPORTS -D_WINDLL -D_MBCS -Xcompiler "/EHsc /W3 /nologo /Od /Fddark.dir\Debug\vc142.pdb /FS /Zi /RTC1 /MDd /GR" -o dark.dir\Debug\maxpool_layer_kernels.obj "C:\Users\KwonDongHyung\darknet-master\src\maxpool_layer_kernels.cu" 
C:/Users/KwonDongHyung/darknet-master/src/dropout_layer_kernels.cu(140): warning : variable "cur_scale" was declared but never referenced
  
C:/Users/KwonDongHyung/darknet-master/src/dropout_layer_kernels.cu(245): warning : variable "cur_scale" was declared but never referenced
  
C:/Users/KwonDongHyung/darknet-master/src/dropout_layer_kernels.cu(262): warning : variable "block_prob" was declared but never referenced
  
C:/Users/KwonDongHyung/darknet-master/src/dropout_layer_kernels.cu(140): warning : variable "cur_scale" was declared but never referenced
  
C:/Users/KwonDongHyung/darknet-master/src/dropout_layer_kernels.cu(245): warning : variable "cur_scale" was declared but never referenced
  
C:/Users/KwonDongHyung/darknet-master/src/dropout_layer_kernels.cu(262): warning : variable "block_prob" was declared but never referenced
  
C:/Users/KwonDongHyung/darknet-master/src/dropout_layer_kernels.cu(140): warning : variable "cur_scale" was declared but never referenced
  
C:/Users/KwonDongHyung/darknet-master/src/dropout_layer_kernels.cu(245): warning : variable "cur_scale" was declared but never referenced
  
C:/Users/KwonDongHyung/darknet-master/src/dropout_layer_kernels.cu(262): warning : variable "block_prob" was declared but never referenced
  
C:/Users/KwonDongHyung/darknet-master/src/dropout_layer_kernels.cu(140): warning : variable "cur_scale" was declared but never referenced
  
C:/Users/KwonDongHyung/darknet-master/src/dropout_layer_kernels.cu(245): warning : variable "cur_scale" was declared but never referenced
  
C:/Users/KwonDongHyung/darknet-master/src/dropout_layer_kernels.cu(262): warning : variable "block_prob" was declared but never referenced
  
  blas_kernels.cu
C:/Users/KwonDongHyung/darknet-master/src/dropout_layer_kernels.cu(140): warning : variable "cur_scale" was declared but never referenced
  
C:/Users/KwonDongHyung/darknet-master/src/dropout_layer_kernels.cu(245): warning : variable "cur_scale" was declared but never referenced
  
C:/Users/KwonDongHyung/darknet-master/src/dropout_layer_kernels.cu(262): warning : variable "block_prob" was declared but never referenced
  
  Compiling CUDA source file src\network_kernels.cu...
  
  C:\Users\KwonDongHyung\darknet-master>"C:\Program Files\NVIDIA GPU Computing Toolkit\CUDA\v10.2\bin\nvcc.exe" -gencode=arch=compute_30,code=\"sm_30,compute_30\" -gencode=arch=compute_35,code=\"sm_35,compute_35\" -gencode=arch=compute_50,code=\"sm_50,compute_50\" -gencode=arch=compute_52,code=\"sm_52,compute_52\" -gencode=arch=compute_60,code=\"sm_60,compute_60\" -gencode=arch=compute_61,code=\"sm_61,compute_61\" -gencode=arch=compute_70,code=\"sm_70,compute_70\" -gencode=arch=compute_75,code=\"sm_75,compute_75\" -gencode=arch=compute_70,code=\"compute_70,compute_70\" -gencode=arch=compute_75,code=\"compute_75,compute_75\" --use-local-env -ccbin "C:\Program Files (x86)\Microsoft Visual Studio\2019\Community\VC\Tools\MSVC\14.25.28610\bin\HostX64\x64" -x cu -rdc=true -I"C:\Users\KwonDongHyung\darknet-master\include" -I"C:\Users\KwonDongHyung\darknet-master\src" -I"C:\Users\KwonDongHyung\darknet-master\3rdparty\stb\include" -IC:\Users\KwonDongHyung\opencv\build\include -I"C:\Program Files\NVIDIA GPU Computing Toolkit\CUDA\v10.2\include" -I"C:\Users\KwonDongHyung\darknet-master\3rdparty\pthreads\include" -I"C:\Program Files\NVIDIA GPU Computing Toolkit\CUDA\v10.2\include"     --keep-dir x64\Debug -maxrregcount=0  --machine 64 --compile -cudart static -Wno-deprecated-declarations -Xcompiler="/wd4013,/wd4018,/wd4028,/wd4047,/wd4068,/wd4090,/wd4101,/wd4113,/wd4133,/wd4190,/wd4244,/wd4267,/wd4305,/wd4477,/wd4996,/wd4819,/fp:fast,/DGPU,/DCUDNN,/DOPENCV /EHsc -Zi -Ob0" -g   -D_WINDOWS -DLIB_EXPORTS=1 -DUSE_CMAKE_LIBS -DCUDNN -DCUDNN_HALF -DOPENCV -D_CRT_RAND_S -DNOMINMAX -D_USE_MATH_DEFINES -D_CRT_SECURE_NO_WARNINGS -DGPU -D_TIMESPEC_DEFINED -D"CMAKE_INTDIR=\"Debug\"" -Ddark_EXPORTS -DWIN32 -D_WINDOWS -DLIB_EXPORTS=1 -DUSE_CMAKE_LIBS -DCUDNN -DCUDNN_HALF -DOPENCV -D_CRT_RAND_S -DNOMINMAX -D_USE_MATH_DEFINES -D_CRT_SECURE_NO_WARNINGS -DGPU -D_TIMESPEC_DEFINED -D"CMAKE_INTDIR=\"Debug\"" -Ddark_EXPORTS -D_WINDLL -D_MBCS -Xcompiler "/EHsc /W3 /nologo /Od /Fddark.dir\Debug\vc142.pdb /FS /Zi /RTC1 /MDd /GR" -o dark.dir\Debug\network_kernels.obj "C:\Users\KwonDongHyung\darknet-master\src\network_kernels.cu" 
C:/Users/KwonDongHyung/darknet-master/src/dropout_layer_kernels.cu(140): warning : variable "cur_scale" was declared but never referenced
  
C:/Users/KwonDongHyung/darknet-master/src/dropout_layer_kernels.cu(245): warning : variable "cur_scale" was declared but never referenced
  
C:/Users/KwonDongHyung/darknet-master/src/dropout_layer_kernels.cu(262): warning : variable "block_prob" was declared but never referenced
  
C:/Users/KwonDongHyung/darknet-master/src/network_kernels.cu(359): warning : variable "l" was declared but never referenced
  
C:/Users/KwonDongHyung/darknet-master/src/network_kernels.cu(368): warning : variable "im" was set but never used
  
C:/Users/KwonDongHyung/darknet-master/src/dropout_layer_kernels.cu(140): warning : variable "cur_scale" was declared but never referenced
  
C:/Users/KwonDongHyung/darknet-master/src/dropout_layer_kernels.cu(245): warning : variable "cur_scale" was declared but never referenced
  
C:/Users/KwonDongHyung/darknet-master/src/dropout_layer_kernels.cu(262): warning : variable "block_prob" was declared but never referenced
  
C:/Users/KwonDongHyung/darknet-master/src/network_kernels.cu(359): warning : variable "l" was declared but never referenced
  
C:/Users/KwonDongHyung/darknet-master/src/network_kernels.cu(368): warning : variable "im" was set but never used
  
C:/Users/KwonDongHyung/darknet-master/src/network_kernels.cu(359): warning : variable "l" was declared but never referenced
  
C:/Users/KwonDongHyung/darknet-master/src/network_kernels.cu(368): warning : variable "im" was set but never used
  
  dropout_layer_kernels.cu
C:/Users/KwonDongHyung/darknet-master/src/network_kernels.cu(359): warning : variable "l" was declared but never referenced
  
C:/Users/KwonDongHyung/darknet-master/src/network_kernels.cu(368): warning : variable "im" was set but never used
  
C:/Users/KwonDongHyung/darknet-master/src/network_kernels.cu(359): warning : variable "l" was declared but never referenced
  
C:/Users/KwonDongHyung/darknet-master/src/network_kernels.cu(368): warning : variable "im" was set but never used
  
  maxpool_layer_kernels.cu
C:/Users/KwonDongHyung/darknet-master/src/network_kernels.cu(359): warning : variable "l" was declared but never referenced
  
C:/Users/KwonDongHyung/darknet-master/src/network_kernels.cu(368): warning : variable "im" was set but never used
  
C:/Users/KwonDongHyung/darknet-master/src/network_kernels.cu(359): warning : variable "l" was declared but never referenced
  
C:/Users/KwonDongHyung/darknet-master/src/network_kernels.cu(368): warning : variable "im" was set but never used
  
C:/Users/KwonDongHyung/darknet-master/src/network_kernels.cu(359): warning : variable "l" was declared but never referenced
  
C:/Users/KwonDongHyung/darknet-master/src/network_kernels.cu(368): warning : variable "im" was set but never used
  
  network_kernels.cu
  im2col_kernels.cu
  yolo_v2_class.cpp
  activation_layer.c
  activations.c
  art.c
  avgpool_layer.c
  batchnorm_layer.c
  blas.c
  box.c
  captcha.c
  cifar.c
  classifier.c
  coco.c
  col2im.c
  compare.c
  connected_layer.c
  conv_lstm_layer.c
  convolutional_layer.c
  cost_layer.c
  cpu_gemm.c
  crnn_layer.c
  코드를 생성하고 있습니다...
  컴파일하고 있습니다...
  crop_layer.c
  dark_cuda.c
  data.c
  deconvolutional_layer.c
  demo.c
  detection_layer.c
  detector.c
  dice.c
  dropout_layer.c
  gaussian_yolo_layer.c
  gemm.c
  getopt.c
  gettimeofday.c
  go.c
  gru_layer.c
  im2col.c
  image.c
  layer.c
  list.c
  local_layer.c
  코드를 생성하고 있습니다...
  컴파일하고 있습니다...
  lstm_layer.c
  matrix.c
  maxpool_layer.c
  network.c
  nightmare.c
  normalization_layer.c
  option_list.c
  parser.c
  region_layer.c
  reorg_layer.c
  reorg_old_layer.c
  rnn.c
  rnn_layer.c
  rnn_vid.c
  route_layer.c
  sam_layer.c
  scale_channels_layer.c
  shortcut_layer.c
  softmax_layer.c
  super.c
  코드를 생성하고 있습니다...
  컴파일하고 있습니다...
  swag.c
  tag.c
  tree.c
  upsample_layer.c
  utils.c
  voxel.c
  writing.c
  yolo.c
  yolo_layer.c
  http_stream.cpp
  image_opencv.cpp
  코드를 생성하고 있습니다...
  
  C:\Users\KwonDongHyung\darknet-master>"C:\Program Files\NVIDIA GPU Computing Toolkit\CUDA\v10.2\bin\nvcc.exe" -dlink -o dark.dir\Debug\darkd.device-link.obj -Xcompiler "/EHsc /W3 /nologo /Od /Zi /RTC1 /MDd /GR" -L"C:\Program Files\NVIDIA GPU Computing Toolkit\CUDA\v10.2\lib\x64" "C:\Program Files\NVIDIA GPU Computing Toolkit\CUDA\v10.2\lib\x64\cudnn.lib" C:\Users\KwonDongHyung\opencv\build\x64\vc15\lib\opencv_world430d.lib 3rdparty\pthreads\lib\pthreadVC2.lib wsock32.lib ws2_32.lib curand.lib cublas.lib cuda.lib cudadevrt.lib cudart_static.lib kernel32.lib user32.lib gdi32.lib winspool.lib shell32.lib ole32.lib oleaut32.lib uuid.lib comdlg32.lib advapi32.lib -Wno-deprecated-gpu-targets -gencode=arch=compute_30,code=sm_30 -gencode=arch=compute_35,code=sm_35 -gencode=arch=compute_50,code=sm_50 -gencode=arch=compute_52,code=sm_52 -gencode=arch=compute_60,code=sm_60 -gencode=arch=compute_61,code=sm_61 -gencode=arch=compute_70,code=sm_70 -gencode=arch=compute_75,code=sm_75 -gencode=arch=compute_70,code=compute_70 -gencode=arch=compute_75,code=compute_75  --machine 64 dark.dir\Debug\activation_kernels.obj dark.dir\Debug\avgpool_layer_kernels.obj dark.dir\Debug\blas_kernels.obj dark.dir\Debug\col2im_kernels.obj dark.dir\Debug\convolutional_kernels.obj dark.dir\Debug\crop_layer_kernels.obj dark.dir\Debug\deconvolutional_kernels.obj dark.dir\Debug\dropout_layer_kernels.obj dark.dir\Debug\im2col_kernels.obj dark.dir\Debug\maxpool_layer_kernels.obj dark.dir\Debug\network_kernels.obj 
  cudnn.lib
  opencv_world430d.lib
  pthreadVC2.lib
  wsock32.lib
  ws2_32.lib
  curand.lib
  cublas.lib
  cuda.lib
  cudadevrt.lib
  cudart_static.lib
  kernel32.lib
  user32.lib
  gdi32.lib
  winspool.lib
  shell32.lib
  ole32.lib
  oleaut32.lib
  uuid.lib
  comdlg32.lib
  advapi32.lib
  activation_kernels.obj
  avgpool_layer_kernels.obj
  blas_kernels.obj
  col2im_kernels.obj
  convolutional_kernels.obj
  crop_layer_kernels.obj
  deconvolutional_kernels.obj
  dropout_layer_kernels.obj
  im2col_kernels.obj
  maxpool_layer_kernels.obj
  network_kernels.obj
     C:/Users/KwonDongHyung/darknet-master/Debug/darkd.lib 라이브러리 및 C:/Users/KwonDongHyung/darknet-master/Debug/darkd.exp 개체를 생성하고 있습니다.
  dark.vcxproj -> C:\Users\KwonDongHyung\darknet-master\Debug\darkd.dll
